{
  "/Users/macbook/projects/fridge/src/components/ProductList.tsx": {
    "path": "/Users/macbook/projects/fridge/src/components/ProductList.tsx",
    "statementMap": {
      "0": { "start": { "line": 11, "column": 23 }, "end": { "line": 65, "column": 1 } },
      "1": { "start": { "line": 12, "column": 15 }, "end": { "line": 12, "column": 40 } },
      "2": { "start": { "line": 15, "column": 2 }, "end": { "line": 15, "column": 101 } },
      "3": { "start": { "line": 15, "column": 55 }, "end": { "line": 15, "column": 101 } },
      "4": { "start": { "line": 16, "column": 2 }, "end": { "line": 16, "column": 102 } },
      "5": { "start": { "line": 16, "column": 55 }, "end": { "line": 16, "column": 102 } },
      "6": { "start": { "line": 17, "column": 2 }, "end": { "line": 17, "column": 134 } },
      "7": { "start": { "line": 17, "column": 86 }, "end": { "line": 17, "column": 134 } },
      "8": { "start": { "line": 18, "column": 2 }, "end": { "line": 18, "column": 136 } },
      "9": { "start": { "line": 18, "column": 83 }, "end": { "line": 18, "column": 136 } },
      "10": { "start": { "line": 19, "column": 2 }, "end": { "line": 19, "column": 102 } },
      "11": { "start": { "line": 19, "column": 58 }, "end": { "line": 19, "column": 102 } },
      "12": { "start": { "line": 20, "column": 2 }, "end": { "line": 20, "column": 104 } },
      "13": { "start": { "line": 20, "column": 52 }, "end": { "line": 20, "column": 104 } },
      "14": { "start": { "line": 23, "column": 2 }, "end": { "line": 23, "column": 186 } },
      "15": { "start": { "line": 23, "column": 135 }, "end": { "line": 23, "column": 186 } },
      "16": { "start": { "line": 24, "column": 2 }, "end": { "line": 24, "column": 165 } },
      "17": { "start": { "line": 24, "column": 110 }, "end": { "line": 24, "column": 165 } },
      "18": { "start": { "line": 25, "column": 2 }, "end": { "line": 25, "column": 98 } },
      "19": { "start": { "line": 25, "column": 53 }, "end": { "line": 25, "column": 98 } },
      "20": { "start": { "line": 26, "column": 2 }, "end": { "line": 26, "column": 105 } },
      "21": { "start": { "line": 26, "column": 54 }, "end": { "line": 26, "column": 105 } },
      "22": { "start": { "line": 27, "column": 2 }, "end": { "line": 27, "column": 134 } },
      "23": { "start": { "line": 27, "column": 83 }, "end": { "line": 27, "column": 134 } },
      "24": { "start": { "line": 30, "column": 2 }, "end": { "line": 30, "column": 106 } },
      "25": { "start": { "line": 30, "column": 59 }, "end": { "line": 30, "column": 106 } },
      "26": { "start": { "line": 31, "column": 2 }, "end": { "line": 31, "column": 110 } },
      "27": { "start": { "line": 31, "column": 59 }, "end": { "line": 31, "column": 110 } },
      "28": { "start": { "line": 32, "column": 2 }, "end": { "line": 32, "column": 132 } },
      "29": { "start": { "line": 32, "column": 87 }, "end": { "line": 32, "column": 132 } },
      "30": { "start": { "line": 33, "column": 2 }, "end": { "line": 33, "column": 111 } },
      "31": { "start": { "line": 33, "column": 56 }, "end": { "line": 33, "column": 111 } },
      "32": { "start": { "line": 34, "column": 2 }, "end": { "line": 34, "column": 109 } },
      "33": { "start": { "line": 34, "column": 58 }, "end": { "line": 34, "column": 109 } },
      "34": { "start": { "line": 35, "column": 2 }, "end": { "line": 35, "column": 132 } },
      "35": { "start": { "line": 35, "column": 87 }, "end": { "line": 35, "column": 132 } },
      "36": { "start": { "line": 36, "column": 2 }, "end": { "line": 36, "column": 129 } },
      "37": { "start": { "line": 36, "column": 84 }, "end": { "line": 36, "column": 129 } },
      "38": { "start": { "line": 37, "column": 2 }, "end": { "line": 37, "column": 106 } },
      "39": { "start": { "line": 37, "column": 61 }, "end": { "line": 37, "column": 106 } },
      "40": { "start": { "line": 38, "column": 2 }, "end": { "line": 38, "column": 111 } },
      "41": { "start": { "line": 38, "column": 58 }, "end": { "line": 38, "column": 111 } },
      "42": { "start": { "line": 41, "column": 2 }, "end": { "line": 41, "column": 133 } },
      "43": { "start": { "line": 41, "column": 82 }, "end": { "line": 41, "column": 133 } },
      "44": { "start": { "line": 42, "column": 2 }, "end": { "line": 42, "column": 144 } },
      "45": { "start": { "line": 42, "column": 91 }, "end": { "line": 42, "column": 144 } },
      "46": { "start": { "line": 43, "column": 2 }, "end": { "line": 43, "column": 110 } },
      "47": { "start": { "line": 43, "column": 57 }, "end": { "line": 43, "column": 110 } },
      "48": { "start": { "line": 44, "column": 2 }, "end": { "line": 44, "column": 134 } },
      "49": { "start": { "line": 44, "column": 81 }, "end": { "line": 44, "column": 134 } },
      "50": { "start": { "line": 45, "column": 2 }, "end": { "line": 45, "column": 110 } },
      "51": { "start": { "line": 45, "column": 55 }, "end": { "line": 45, "column": 110 } },
      "52": { "start": { "line": 48, "column": 2 }, "end": { "line": 48, "column": 129 } },
      "53": { "start": { "line": 48, "column": 61 }, "end": { "line": 48, "column": 129 } },
      "54": { "start": { "line": 49, "column": 2 }, "end": { "line": 49, "column": 100 } },
      "55": { "start": { "line": 49, "column": 32 }, "end": { "line": 49, "column": 100 } },
      "56": { "start": { "line": 50, "column": 2 }, "end": { "line": 50, "column": 125 } },
      "57": { "start": { "line": 50, "column": 57 }, "end": { "line": 50, "column": 125 } },
      "58": { "start": { "line": 51, "column": 2 }, "end": { "line": 51, "column": 148 } },
      "59": { "start": { "line": 51, "column": 80 }, "end": { "line": 51, "column": 148 } },
      "60": { "start": { "line": 52, "column": 2 }, "end": { "line": 52, "column": 131 } },
      "61": { "start": { "line": 52, "column": 63 }, "end": { "line": 52, "column": 131 } },
      "62": { "start": { "line": 53, "column": 2 }, "end": { "line": 53, "column": 107 } },
      "63": { "start": { "line": 53, "column": 59 }, "end": { "line": 53, "column": 107 } },
      "64": { "start": { "line": 56, "column": 2 }, "end": { "line": 56, "column": 158 } },
      "65": { "start": { "line": 56, "column": 106 }, "end": { "line": 56, "column": 158 } },
      "66": { "start": { "line": 59, "column": 2 }, "end": { "line": 59, "column": 109 } },
      "67": { "start": { "line": 59, "column": 54 }, "end": { "line": 59, "column": 109 } },
      "68": { "start": { "line": 60, "column": 2 }, "end": { "line": 60, "column": 100 } },
      "69": { "start": { "line": 60, "column": 54 }, "end": { "line": 60, "column": 100 } },
      "70": { "start": { "line": 61, "column": 2 }, "end": { "line": 61, "column": 99 } },
      "71": { "start": { "line": 61, "column": 54 }, "end": { "line": 61, "column": 99 } },
      "72": { "start": { "line": 64, "column": 2 }, "end": { "line": 64, "column": 52 } },
      "73": { "start": { "line": 67, "column": 21 }, "end": { "line": 73, "column": 1 } },
      "74": { "start": { "line": 68, "column": 17 }, "end": { "line": 71, "column": 3 } },
      "75": { "start": { "line": 72, "column": 2 }, "end": { "line": 72, "column": 39 } },
      "76": { "start": { "line": 76, "column": 16 }, "end": { "line": 76, "column": 32 } },
      "77": { "start": { "line": 78, "column": 2 }, "end": { "line": 85, "column": 3 } },
      "78": { "start": { "line": 79, "column": 4 }, "end": { "line": 84, "column": 6 } },
      "79": { "start": { "line": 87, "column": 2 }, "end": { "line": 117, "column": 4 } },
      "80": { "start": { "line": 99, "column": 27 }, "end": { "line": 99, "column": 52 } },
      "81": { "start": { "line": 100, "column": 28 }, "end": { "line": 100, "column": 47 } },
      "82": { "start": { "line": 102, "column": 10 }, "end": { "line": 113, "column": 12 } },
      "83": { "start": { "line": 120, "column": 15 }, "end": { "line": 195, "column": 2 } }
    },
    "fnMap": {
      "0": {
        "name": "(anonymous_0)",
        "decl": { "start": { "line": 11, "column": 23 }, "end": { "line": 11, "column": 24 } },
        "loc": { "start": { "line": 11, "column": 100 }, "end": { "line": 65, "column": 1 } },
        "line": 11
      },
      "1": {
        "name": "(anonymous_1)",
        "decl": { "start": { "line": 67, "column": 21 }, "end": { "line": 67, "column": 22 } },
        "loc": { "start": { "line": 67, "column": 48 }, "end": { "line": 73, "column": 1 } },
        "line": 67
      },
      "2": {
        "name": "ProductList",
        "decl": { "start": { "line": 75, "column": 16 }, "end": { "line": 75, "column": 27 } },
        "loc": { "start": { "line": 75, "column": 60 }, "end": { "line": 118, "column": 1 } },
        "line": 75
      },
      "3": {
        "name": "(anonymous_3)",
        "decl": { "start": { "line": 98, "column": 22 }, "end": { "line": 98, "column": 23 } },
        "loc": { "start": { "line": 98, "column": 39 }, "end": { "line": 114, "column": 9 } },
        "line": 98
      }
    },
    "branchMap": {
      "0": {
        "loc": { "start": { "line": 15, "column": 2 }, "end": { "line": 15, "column": 101 } },
        "type": "if",
        "locations": [
          { "start": { "line": 15, "column": 2 }, "end": { "line": 15, "column": 101 } },
          { "start": {}, "end": {} }
        ],
        "line": 15
      },
      "1": {
        "loc": { "start": { "line": 15, "column": 6 }, "end": { "line": 15, "column": 53 } },
        "type": "binary-expr",
        "locations": [
          { "start": { "line": 15, "column": 6 }, "end": { "line": 15, "column": 27 } },
          { "start": { "line": 15, "column": 31 }, "end": { "line": 15, "column": 53 } }
        ],
        "line": 15
      },
      "2": {
        "loc": { "start": { "line": 16, "column": 2 }, "end": { "line": 16, "column": 102 } },
        "type": "if",
        "locations": [
          { "start": { "line": 16, "column": 2 }, "end": { "line": 16, "column": 102 } },
          { "start": {}, "end": {} }
        ],
        "line": 16
      },
      "3": {
        "loc": { "start": { "line": 16, "column": 6 }, "end": { "line": 16, "column": 53 } },
        "type": "binary-expr",
        "locations": [
          { "start": { "line": 16, "column": 6 }, "end": { "line": 16, "column": 29 } },
          { "start": { "line": 16, "column": 33 }, "end": { "line": 16, "column": 53 } }
        ],
        "line": 16
      },
      "4": {
        "loc": { "start": { "line": 17, "column": 2 }, "end": { "line": 17, "column": 134 } },
        "type": "if",
        "locations": [
          { "start": { "line": 17, "column": 2 }, "end": { "line": 17, "column": 134 } },
          { "start": {}, "end": {} }
        ],
        "line": 17
      },
      "5": {
        "loc": { "start": { "line": 17, "column": 6 }, "end": { "line": 17, "column": 84 } },
        "type": "binary-expr",
        "locations": [
          { "start": { "line": 17, "column": 6 }, "end": { "line": 17, "column": 28 } },
          { "start": { "line": 17, "column": 32 }, "end": { "line": 17, "column": 56 } },
          { "start": { "line": 17, "column": 60 }, "end": { "line": 17, "column": 84 } }
        ],
        "line": 17
      },
      "6": {
        "loc": { "start": { "line": 18, "column": 2 }, "end": { "line": 18, "column": 136 } },
        "type": "if",
        "locations": [
          { "start": { "line": 18, "column": 2 }, "end": { "line": 18, "column": 136 } },
          { "start": {}, "end": {} }
        ],
        "line": 18
      },
      "7": {
        "loc": { "start": { "line": 18, "column": 6 }, "end": { "line": 18, "column": 81 } },
        "type": "binary-expr",
        "locations": [
          { "start": { "line": 18, "column": 6 }, "end": { "line": 18, "column": 29 } },
          { "start": { "line": 18, "column": 33 }, "end": { "line": 18, "column": 55 } },
          { "start": { "line": 18, "column": 59 }, "end": { "line": 18, "column": 81 } }
        ],
        "line": 18
      },
      "8": {
        "loc": { "start": { "line": 19, "column": 2 }, "end": { "line": 19, "column": 102 } },
        "type": "if",
        "locations": [
          { "start": { "line": 19, "column": 2 }, "end": { "line": 19, "column": 102 } },
          { "start": {}, "end": {} }
        ],
        "line": 19
      },
      "9": {
        "loc": { "start": { "line": 19, "column": 6 }, "end": { "line": 19, "column": 56 } },
        "type": "binary-expr",
        "locations": [
          { "start": { "line": 19, "column": 6 }, "end": { "line": 19, "column": 29 } },
          { "start": { "line": 19, "column": 33 }, "end": { "line": 19, "column": 56 } }
        ],
        "line": 19
      },
      "10": {
        "loc": { "start": { "line": 20, "column": 2 }, "end": { "line": 20, "column": 104 } },
        "type": "if",
        "locations": [
          { "start": { "line": 20, "column": 2 }, "end": { "line": 20, "column": 104 } },
          { "start": {}, "end": {} }
        ],
        "line": 20
      },
      "11": {
        "loc": { "start": { "line": 20, "column": 6 }, "end": { "line": 20, "column": 50 } },
        "type": "binary-expr",
        "locations": [
          { "start": { "line": 20, "column": 6 }, "end": { "line": 20, "column": 26 } },
          { "start": { "line": 20, "column": 30 }, "end": { "line": 20, "column": 50 } }
        ],
        "line": 20
      },
      "12": {
        "loc": { "start": { "line": 23, "column": 2 }, "end": { "line": 23, "column": 186 } },
        "type": "if",
        "locations": [
          { "start": { "line": 23, "column": 2 }, "end": { "line": 23, "column": 186 } },
          { "start": {}, "end": {} }
        ],
        "line": 23
      },
      "13": {
        "loc": { "start": { "line": 23, "column": 6 }, "end": { "line": 23, "column": 133 } },
        "type": "binary-expr",
        "locations": [
          { "start": { "line": 23, "column": 6 }, "end": { "line": 23, "column": 27 } },
          { "start": { "line": 23, "column": 31 }, "end": { "line": 23, "column": 52 } },
          { "start": { "line": 23, "column": 56 }, "end": { "line": 23, "column": 77 } },
          { "start": { "line": 23, "column": 81 }, "end": { "line": 23, "column": 105 } },
          { "start": { "line": 23, "column": 109 }, "end": { "line": 23, "column": 133 } }
        ],
        "line": 23
      },
      "14": {
        "loc": { "start": { "line": 24, "column": 2 }, "end": { "line": 24, "column": 165 } },
        "type": "if",
        "locations": [
          { "start": { "line": 24, "column": 2 }, "end": { "line": 24, "column": 165 } },
          { "start": {}, "end": {} }
        ],
        "line": 24
      },
      "15": {
        "loc": { "start": { "line": 24, "column": 6 }, "end": { "line": 24, "column": 108 } },
        "type": "binary-expr",
        "locations": [
          { "start": { "line": 24, "column": 6 }, "end": { "line": 24, "column": 30 } },
          { "start": { "line": 24, "column": 34 }, "end": { "line": 24, "column": 58 } },
          { "start": { "line": 24, "column": 62 }, "end": { "line": 24, "column": 83 } },
          { "start": { "line": 24, "column": 87 }, "end": { "line": 24, "column": 108 } }
        ],
        "line": 24
      },
      "16": {
        "loc": { "start": { "line": 25, "column": 2 }, "end": { "line": 25, "column": 98 } },
        "type": "if",
        "locations": [
          { "start": { "line": 25, "column": 2 }, "end": { "line": 25, "column": 98 } },
          { "start": {}, "end": {} }
        ],
        "line": 25
      },
      "17": {
        "loc": { "start": { "line": 25, "column": 6 }, "end": { "line": 25, "column": 51 } },
        "type": "binary-expr",
        "locations": [
          { "start": { "line": 25, "column": 6 }, "end": { "line": 25, "column": 27 } },
          { "start": { "line": 25, "column": 31 }, "end": { "line": 25, "column": 51 } }
        ],
        "line": 25
      },
      "18": {
        "loc": { "start": { "line": 26, "column": 2 }, "end": { "line": 26, "column": 105 } },
        "type": "if",
        "locations": [
          { "start": { "line": 26, "column": 2 }, "end": { "line": 26, "column": 105 } },
          { "start": {}, "end": {} }
        ],
        "line": 26
      },
      "19": {
        "loc": { "start": { "line": 26, "column": 6 }, "end": { "line": 26, "column": 52 } },
        "type": "binary-expr",
        "locations": [
          { "start": { "line": 26, "column": 6 }, "end": { "line": 26, "column": 26 } },
          { "start": { "line": 26, "column": 30 }, "end": { "line": 26, "column": 52 } }
        ],
        "line": 26
      },
      "20": {
        "loc": { "start": { "line": 27, "column": 2 }, "end": { "line": 27, "column": 134 } },
        "type": "if",
        "locations": [
          { "start": { "line": 27, "column": 2 }, "end": { "line": 27, "column": 134 } },
          { "start": {}, "end": {} }
        ],
        "line": 27
      },
      "21": {
        "loc": { "start": { "line": 27, "column": 6 }, "end": { "line": 27, "column": 81 } },
        "type": "binary-expr",
        "locations": [
          { "start": { "line": 27, "column": 6 }, "end": { "line": 27, "column": 28 } },
          { "start": { "line": 27, "column": 32 }, "end": { "line": 27, "column": 54 } },
          { "start": { "line": 27, "column": 58 }, "end": { "line": 27, "column": 81 } }
        ],
        "line": 27
      },
      "22": {
        "loc": { "start": { "line": 30, "column": 2 }, "end": { "line": 30, "column": 106 } },
        "type": "if",
        "locations": [
          { "start": { "line": 30, "column": 2 }, "end": { "line": 30, "column": 106 } },
          { "start": {}, "end": {} }
        ],
        "line": 30
      },
      "23": {
        "loc": { "start": { "line": 30, "column": 6 }, "end": { "line": 30, "column": 57 } },
        "type": "binary-expr",
        "locations": [
          { "start": { "line": 30, "column": 6 }, "end": { "line": 30, "column": 29 } },
          { "start": { "line": 30, "column": 33 }, "end": { "line": 30, "column": 57 } }
        ],
        "line": 30
      },
      "24": {
        "loc": { "start": { "line": 31, "column": 2 }, "end": { "line": 31, "column": 110 } },
        "type": "if",
        "locations": [
          { "start": { "line": 31, "column": 2 }, "end": { "line": 31, "column": 110 } },
          { "start": {}, "end": {} }
        ],
        "line": 31
      },
      "25": {
        "loc": { "start": { "line": 31, "column": 6 }, "end": { "line": 31, "column": 57 } },
        "type": "binary-expr",
        "locations": [
          { "start": { "line": 31, "column": 6 }, "end": { "line": 31, "column": 29 } },
          { "start": { "line": 31, "column": 33 }, "end": { "line": 31, "column": 57 } }
        ],
        "line": 31
      },
      "26": {
        "loc": { "start": { "line": 32, "column": 2 }, "end": { "line": 32, "column": 132 } },
        "type": "if",
        "locations": [
          { "start": { "line": 32, "column": 2 }, "end": { "line": 32, "column": 132 } },
          { "start": {}, "end": {} }
        ],
        "line": 32
      },
      "27": {
        "loc": { "start": { "line": 32, "column": 6 }, "end": { "line": 32, "column": 85 } },
        "type": "binary-expr",
        "locations": [
          { "start": { "line": 32, "column": 6 }, "end": { "line": 32, "column": 29 } },
          { "start": { "line": 32, "column": 33 }, "end": { "line": 32, "column": 58 } },
          { "start": { "line": 32, "column": 62 }, "end": { "line": 32, "column": 85 } }
        ],
        "line": 32
      },
      "28": {
        "loc": { "start": { "line": 33, "column": 2 }, "end": { "line": 33, "column": 111 } },
        "type": "if",
        "locations": [
          { "start": { "line": 33, "column": 2 }, "end": { "line": 33, "column": 111 } },
          { "start": {}, "end": {} }
        ],
        "line": 33
      },
      "29": {
        "loc": { "start": { "line": 33, "column": 6 }, "end": { "line": 33, "column": 54 } },
        "type": "binary-expr",
        "locations": [
          { "start": { "line": 33, "column": 6 }, "end": { "line": 33, "column": 28 } },
          { "start": { "line": 33, "column": 32 }, "end": { "line": 33, "column": 54 } }
        ],
        "line": 33
      },
      "30": {
        "loc": { "start": { "line": 34, "column": 2 }, "end": { "line": 34, "column": 109 } },
        "type": "if",
        "locations": [
          { "start": { "line": 34, "column": 2 }, "end": { "line": 34, "column": 109 } },
          { "start": {}, "end": {} }
        ],
        "line": 34
      },
      "31": {
        "loc": { "start": { "line": 34, "column": 6 }, "end": { "line": 34, "column": 56 } },
        "type": "binary-expr",
        "locations": [
          { "start": { "line": 34, "column": 6 }, "end": { "line": 34, "column": 29 } },
          { "start": { "line": 34, "column": 33 }, "end": { "line": 34, "column": 56 } }
        ],
        "line": 34
      },
      "32": {
        "loc": { "start": { "line": 35, "column": 2 }, "end": { "line": 35, "column": 132 } },
        "type": "if",
        "locations": [
          { "start": { "line": 35, "column": 2 }, "end": { "line": 35, "column": 132 } },
          { "start": {}, "end": {} }
        ],
        "line": 35
      },
      "33": {
        "loc": { "start": { "line": 35, "column": 6 }, "end": { "line": 35, "column": 85 } },
        "type": "binary-expr",
        "locations": [
          { "start": { "line": 35, "column": 6 }, "end": { "line": 35, "column": 31 } },
          { "start": { "line": 35, "column": 35 }, "end": { "line": 35, "column": 58 } },
          { "start": { "line": 35, "column": 62 }, "end": { "line": 35, "column": 85 } }
        ],
        "line": 35
      },
      "34": {
        "loc": { "start": { "line": 36, "column": 2 }, "end": { "line": 36, "column": 129 } },
        "type": "if",
        "locations": [
          { "start": { "line": 36, "column": 2 }, "end": { "line": 36, "column": 129 } },
          { "start": {}, "end": {} }
        ],
        "line": 36
      },
      "35": {
        "loc": { "start": { "line": 36, "column": 6 }, "end": { "line": 36, "column": 82 } },
        "type": "binary-expr",
        "locations": [
          { "start": { "line": 36, "column": 6 }, "end": { "line": 36, "column": 30 } },
          { "start": { "line": 36, "column": 34 }, "end": { "line": 36, "column": 56 } },
          { "start": { "line": 36, "column": 60 }, "end": { "line": 36, "column": 82 } }
        ],
        "line": 36
      },
      "36": {
        "loc": { "start": { "line": 37, "column": 2 }, "end": { "line": 37, "column": 106 } },
        "type": "if",
        "locations": [
          { "start": { "line": 37, "column": 2 }, "end": { "line": 37, "column": 106 } },
          { "start": {}, "end": {} }
        ],
        "line": 37
      },
      "37": {
        "loc": { "start": { "line": 37, "column": 6 }, "end": { "line": 37, "column": 59 } },
        "type": "binary-expr",
        "locations": [
          { "start": { "line": 37, "column": 6 }, "end": { "line": 37, "column": 32 } },
          { "start": { "line": 37, "column": 36 }, "end": { "line": 37, "column": 59 } }
        ],
        "line": 37
      },
      "38": {
        "loc": { "start": { "line": 38, "column": 2 }, "end": { "line": 38, "column": 111 } },
        "type": "if",
        "locations": [
          { "start": { "line": 38, "column": 2 }, "end": { "line": 38, "column": 111 } },
          { "start": {}, "end": {} }
        ],
        "line": 38
      },
      "39": {
        "loc": { "start": { "line": 38, "column": 6 }, "end": { "line": 38, "column": 56 } },
        "type": "binary-expr",
        "locations": [
          { "start": { "line": 38, "column": 6 }, "end": { "line": 38, "column": 29 } },
          { "start": { "line": 38, "column": 33 }, "end": { "line": 38, "column": 56 } }
        ],
        "line": 38
      },
      "40": {
        "loc": { "start": { "line": 41, "column": 2 }, "end": { "line": 41, "column": 133 } },
        "type": "if",
        "locations": [
          { "start": { "line": 41, "column": 2 }, "end": { "line": 41, "column": 133 } },
          { "start": {}, "end": {} }
        ],
        "line": 41
      },
      "41": {
        "loc": { "start": { "line": 41, "column": 6 }, "end": { "line": 41, "column": 80 } },
        "type": "binary-expr",
        "locations": [
          { "start": { "line": 41, "column": 6 }, "end": { "line": 41, "column": 28 } },
          { "start": { "line": 41, "column": 32 }, "end": { "line": 41, "column": 54 } },
          { "start": { "line": 41, "column": 58 }, "end": { "line": 41, "column": 80 } }
        ],
        "line": 41
      },
      "42": {
        "loc": { "start": { "line": 42, "column": 2 }, "end": { "line": 42, "column": 144 } },
        "type": "if",
        "locations": [
          { "start": { "line": 42, "column": 2 }, "end": { "line": 42, "column": 144 } },
          { "start": {}, "end": {} }
        ],
        "line": 42
      },
      "43": {
        "loc": { "start": { "line": 42, "column": 6 }, "end": { "line": 42, "column": 89 } },
        "type": "binary-expr",
        "locations": [
          { "start": { "line": 42, "column": 6 }, "end": { "line": 42, "column": 29 } },
          { "start": { "line": 42, "column": 33 }, "end": { "line": 42, "column": 59 } },
          { "start": { "line": 42, "column": 63 }, "end": { "line": 42, "column": 89 } }
        ],
        "line": 42
      },
      "44": {
        "loc": { "start": { "line": 43, "column": 2 }, "end": { "line": 43, "column": 110 } },
        "type": "if",
        "locations": [
          { "start": { "line": 43, "column": 2 }, "end": { "line": 43, "column": 110 } },
          { "start": {}, "end": {} }
        ],
        "line": 43
      },
      "45": {
        "loc": { "start": { "line": 43, "column": 6 }, "end": { "line": 43, "column": 55 } },
        "type": "binary-expr",
        "locations": [
          { "start": { "line": 43, "column": 6 }, "end": { "line": 43, "column": 29 } },
          { "start": { "line": 43, "column": 33 }, "end": { "line": 43, "column": 55 } }
        ],
        "line": 43
      },
      "46": {
        "loc": { "start": { "line": 44, "column": 2 }, "end": { "line": 44, "column": 134 } },
        "type": "if",
        "locations": [
          { "start": { "line": 44, "column": 2 }, "end": { "line": 44, "column": 134 } },
          { "start": {}, "end": {} }
        ],
        "line": 44
      },
      "47": {
        "loc": { "start": { "line": 44, "column": 6 }, "end": { "line": 44, "column": 79 } },
        "type": "binary-expr",
        "locations": [
          { "start": { "line": 44, "column": 6 }, "end": { "line": 44, "column": 27 } },
          { "start": { "line": 44, "column": 31 }, "end": { "line": 44, "column": 53 } },
          { "start": { "line": 44, "column": 57 }, "end": { "line": 44, "column": 79 } }
        ],
        "line": 44
      },
      "48": {
        "loc": { "start": { "line": 45, "column": 2 }, "end": { "line": 45, "column": 110 } },
        "type": "if",
        "locations": [
          { "start": { "line": 45, "column": 2 }, "end": { "line": 45, "column": 110 } },
          { "start": {}, "end": {} }
        ],
        "line": 45
      },
      "49": {
        "loc": { "start": { "line": 45, "column": 6 }, "end": { "line": 45, "column": 53 } },
        "type": "binary-expr",
        "locations": [
          { "start": { "line": 45, "column": 6 }, "end": { "line": 45, "column": 28 } },
          { "start": { "line": 45, "column": 32 }, "end": { "line": 45, "column": 53 } }
        ],
        "line": 45
      },
      "50": {
        "loc": { "start": { "line": 48, "column": 2 }, "end": { "line": 48, "column": 129 } },
        "type": "if",
        "locations": [
          { "start": { "line": 48, "column": 2 }, "end": { "line": 48, "column": 129 } },
          { "start": {}, "end": {} }
        ],
        "line": 48
      },
      "51": {
        "loc": { "start": { "line": 48, "column": 6 }, "end": { "line": 48, "column": 59 } },
        "type": "binary-expr",
        "locations": [
          { "start": { "line": 48, "column": 6 }, "end": { "line": 48, "column": 30 } },
          { "start": { "line": 48, "column": 34 }, "end": { "line": 48, "column": 59 } }
        ],
        "line": 48
      },
      "52": {
        "loc": { "start": { "line": 49, "column": 2 }, "end": { "line": 49, "column": 100 } },
        "type": "if",
        "locations": [
          { "start": { "line": 49, "column": 2 }, "end": { "line": 49, "column": 100 } },
          { "start": {}, "end": {} }
        ],
        "line": 49
      },
      "53": {
        "loc": { "start": { "line": 50, "column": 2 }, "end": { "line": 50, "column": 125 } },
        "type": "if",
        "locations": [
          { "start": { "line": 50, "column": 2 }, "end": { "line": 50, "column": 125 } },
          { "start": {}, "end": {} }
        ],
        "line": 50
      },
      "54": {
        "loc": { "start": { "line": 50, "column": 6 }, "end": { "line": 50, "column": 55 } },
        "type": "binary-expr",
        "locations": [
          { "start": { "line": 50, "column": 6 }, "end": { "line": 50, "column": 27 } },
          { "start": { "line": 50, "column": 31 }, "end": { "line": 50, "column": 55 } }
        ],
        "line": 50
      },
      "55": {
        "loc": { "start": { "line": 51, "column": 2 }, "end": { "line": 51, "column": 148 } },
        "type": "if",
        "locations": [
          { "start": { "line": 51, "column": 2 }, "end": { "line": 51, "column": 148 } },
          { "start": {}, "end": {} }
        ],
        "line": 51
      },
      "56": {
        "loc": { "start": { "line": 51, "column": 6 }, "end": { "line": 51, "column": 78 } },
        "type": "binary-expr",
        "locations": [
          { "start": { "line": 51, "column": 6 }, "end": { "line": 51, "column": 28 } },
          { "start": { "line": 51, "column": 32 }, "end": { "line": 51, "column": 52 } },
          { "start": { "line": 51, "column": 56 }, "end": { "line": 51, "column": 78 } }
        ],
        "line": 51
      },
      "57": {
        "loc": { "start": { "line": 52, "column": 2 }, "end": { "line": 52, "column": 131 } },
        "type": "if",
        "locations": [
          { "start": { "line": 52, "column": 2 }, "end": { "line": 52, "column": 131 } },
          { "start": {}, "end": {} }
        ],
        "line": 52
      },
      "58": {
        "loc": { "start": { "line": 52, "column": 6 }, "end": { "line": 52, "column": 61 } },
        "type": "binary-expr",
        "locations": [
          { "start": { "line": 52, "column": 6 }, "end": { "line": 52, "column": 34 } },
          { "start": { "line": 52, "column": 38 }, "end": { "line": 52, "column": 61 } }
        ],
        "line": 52
      },
      "59": {
        "loc": { "start": { "line": 53, "column": 2 }, "end": { "line": 53, "column": 107 } },
        "type": "if",
        "locations": [
          { "start": { "line": 53, "column": 2 }, "end": { "line": 53, "column": 107 } },
          { "start": {}, "end": {} }
        ],
        "line": 53
      },
      "60": {
        "loc": { "start": { "line": 53, "column": 6 }, "end": { "line": 53, "column": 57 } },
        "type": "binary-expr",
        "locations": [
          { "start": { "line": 53, "column": 6 }, "end": { "line": 53, "column": 30 } },
          { "start": { "line": 53, "column": 34 }, "end": { "line": 53, "column": 57 } }
        ],
        "line": 53
      },
      "61": {
        "loc": { "start": { "line": 56, "column": 2 }, "end": { "line": 56, "column": 158 } },
        "type": "if",
        "locations": [
          { "start": { "line": 56, "column": 2 }, "end": { "line": 56, "column": 158 } },
          { "start": {}, "end": {} }
        ],
        "line": 56
      },
      "62": {
        "loc": { "start": { "line": 56, "column": 6 }, "end": { "line": 56, "column": 104 } },
        "type": "binary-expr",
        "locations": [
          { "start": { "line": 56, "column": 6 }, "end": { "line": 56, "column": 28 } },
          { "start": { "line": 56, "column": 32 }, "end": { "line": 56, "column": 54 } },
          { "start": { "line": 56, "column": 58 }, "end": { "line": 56, "column": 79 } },
          { "start": { "line": 56, "column": 83 }, "end": { "line": 56, "column": 104 } }
        ],
        "line": 56
      },
      "63": {
        "loc": { "start": { "line": 59, "column": 2 }, "end": { "line": 59, "column": 109 } },
        "type": "if",
        "locations": [
          { "start": { "line": 59, "column": 2 }, "end": { "line": 59, "column": 109 } },
          { "start": {}, "end": {} }
        ],
        "line": 59
      },
      "64": {
        "loc": { "start": { "line": 59, "column": 6 }, "end": { "line": 59, "column": 52 } },
        "type": "binary-expr",
        "locations": [
          { "start": { "line": 59, "column": 6 }, "end": { "line": 59, "column": 28 } },
          { "start": { "line": 59, "column": 32 }, "end": { "line": 59, "column": 52 } }
        ],
        "line": 59
      },
      "65": {
        "loc": { "start": { "line": 60, "column": 2 }, "end": { "line": 60, "column": 100 } },
        "type": "if",
        "locations": [
          { "start": { "line": 60, "column": 2 }, "end": { "line": 60, "column": 100 } },
          { "start": {}, "end": {} }
        ],
        "line": 60
      },
      "66": {
        "loc": { "start": { "line": 60, "column": 6 }, "end": { "line": 60, "column": 52 } },
        "type": "binary-expr",
        "locations": [
          { "start": { "line": 60, "column": 6 }, "end": { "line": 60, "column": 28 } },
          { "start": { "line": 60, "column": 32 }, "end": { "line": 60, "column": 52 } }
        ],
        "line": 60
      },
      "67": {
        "loc": { "start": { "line": 61, "column": 2 }, "end": { "line": 61, "column": 99 } },
        "type": "if",
        "locations": [
          { "start": { "line": 61, "column": 2 }, "end": { "line": 61, "column": 99 } },
          { "start": {}, "end": {} }
        ],
        "line": 61
      },
      "68": {
        "loc": { "start": { "line": 61, "column": 6 }, "end": { "line": 61, "column": 52 } },
        "type": "binary-expr",
        "locations": [
          { "start": { "line": 61, "column": 6 }, "end": { "line": 61, "column": 27 } },
          { "start": { "line": 61, "column": 31 }, "end": { "line": 61, "column": 52 } }
        ],
        "line": 61
      },
      "69": {
        "loc": { "start": { "line": 78, "column": 2 }, "end": { "line": 85, "column": 3 } },
        "type": "if",
        "locations": [
          { "start": { "line": 78, "column": 2 }, "end": { "line": 85, "column": 3 } },
          { "start": {}, "end": {} }
        ],
        "line": 78
      },
      "70": {
        "loc": { "start": { "line": 105, "column": 17 }, "end": { "line": 109, "column": 17 } },
        "type": "cond-expr",
        "locations": [
          { "start": { "line": 106, "column": 18 }, "end": { "line": 106, "column": 86 } },
          { "start": { "line": 108, "column": 18 }, "end": { "line": 108, "column": 100 } }
        ],
        "line": 105
      }
    },
    "s": {
      "0": 0,
      "1": 0,
      "2": 0,
      "3": 0,
      "4": 0,
      "5": 0,
      "6": 0,
      "7": 0,
      "8": 0,
      "9": 0,
      "10": 0,
      "11": 0,
      "12": 0,
      "13": 0,
      "14": 0,
      "15": 0,
      "16": 0,
      "17": 0,
      "18": 0,
      "19": 0,
      "20": 0,
      "21": 0,
      "22": 0,
      "23": 0,
      "24": 0,
      "25": 0,
      "26": 0,
      "27": 0,
      "28": 0,
      "29": 0,
      "30": 0,
      "31": 0,
      "32": 0,
      "33": 0,
      "34": 0,
      "35": 0,
      "36": 0,
      "37": 0,
      "38": 0,
      "39": 0,
      "40": 0,
      "41": 0,
      "42": 0,
      "43": 0,
      "44": 0,
      "45": 0,
      "46": 0,
      "47": 0,
      "48": 0,
      "49": 0,
      "50": 0,
      "51": 0,
      "52": 0,
      "53": 0,
      "54": 0,
      "55": 0,
      "56": 0,
      "57": 0,
      "58": 0,
      "59": 0,
      "60": 0,
      "61": 0,
      "62": 0,
      "63": 0,
      "64": 0,
      "65": 0,
      "66": 0,
      "67": 0,
      "68": 0,
      "69": 0,
      "70": 0,
      "71": 0,
      "72": 0,
      "73": 0,
      "74": 0,
      "75": 0,
      "76": 0,
      "77": 0,
      "78": 0,
      "79": 0,
      "80": 0,
      "81": 0,
      "82": 0,
      "83": 0
    },
    "f": { "0": 0, "1": 0, "2": 0, "3": 0 },
    "b": {
      "0": [0, 0],
      "1": [0, 0],
      "2": [0, 0],
      "3": [0, 0],
      "4": [0, 0],
      "5": [0, 0, 0],
      "6": [0, 0],
      "7": [0, 0, 0],
      "8": [0, 0],
      "9": [0, 0],
      "10": [0, 0],
      "11": [0, 0],
      "12": [0, 0],
      "13": [0, 0, 0, 0, 0],
      "14": [0, 0],
      "15": [0, 0, 0, 0],
      "16": [0, 0],
      "17": [0, 0],
      "18": [0, 0],
      "19": [0, 0],
      "20": [0, 0],
      "21": [0, 0, 0],
      "22": [0, 0],
      "23": [0, 0],
      "24": [0, 0],
      "25": [0, 0],
      "26": [0, 0],
      "27": [0, 0, 0],
      "28": [0, 0],
      "29": [0, 0],
      "30": [0, 0],
      "31": [0, 0],
      "32": [0, 0],
      "33": [0, 0, 0],
      "34": [0, 0],
      "35": [0, 0, 0],
      "36": [0, 0],
      "37": [0, 0],
      "38": [0, 0],
      "39": [0, 0],
      "40": [0, 0],
      "41": [0, 0, 0],
      "42": [0, 0],
      "43": [0, 0, 0],
      "44": [0, 0],
      "45": [0, 0],
      "46": [0, 0],
      "47": [0, 0, 0],
      "48": [0, 0],
      "49": [0, 0],
      "50": [0, 0],
      "51": [0, 0],
      "52": [0, 0],
      "53": [0, 0],
      "54": [0, 0],
      "55": [0, 0],
      "56": [0, 0, 0],
      "57": [0, 0],
      "58": [0, 0],
      "59": [0, 0],
      "60": [0, 0],
      "61": [0, 0],
      "62": [0, 0, 0, 0],
      "63": [0, 0],
      "64": [0, 0],
      "65": [0, 0],
      "66": [0, 0],
      "67": [0, 0],
      "68": [0, 0],
      "69": [0, 0],
      "70": [0, 0]
    }
  },
  "/Users/macbook/projects/fridge/src/components/RecipeCard.tsx": {
    "path": "/Users/macbook/projects/fridge/src/components/RecipeCard.tsx",
    "statementMap": {
      "0": { "start": { "line": 15, "column": 23 }, "end": { "line": 113, "column": 1 } },
      "1": { "start": { "line": 16, "column": 15 }, "end": { "line": 16, "column": 39 } },
      "2": { "start": { "line": 19, "column": 2 }, "end": { "line": 21, "column": 3 } },
      "3": { "start": { "line": 20, "column": 4 }, "end": { "line": 20, "column": 95 } },
      "4": { "start": { "line": 23, "column": 2 }, "end": { "line": 25, "column": 3 } },
      "5": { "start": { "line": 24, "column": 4 }, "end": { "line": 24, "column": 95 } },
      "6": { "start": { "line": 27, "column": 2 }, "end": { "line": 29, "column": 3 } },
      "7": { "start": { "line": 28, "column": 4 }, "end": { "line": 28, "column": 95 } },
      "8": { "start": { "line": 31, "column": 2 }, "end": { "line": 33, "column": 3 } },
      "9": { "start": { "line": 32, "column": 4 }, "end": { "line": 32, "column": 92 } },
      "10": { "start": { "line": 35, "column": 2 }, "end": { "line": 37, "column": 3 } },
      "11": { "start": { "line": 36, "column": 4 }, "end": { "line": 36, "column": 95 } },
      "12": { "start": { "line": 39, "column": 2 }, "end": { "line": 41, "column": 3 } },
      "13": { "start": { "line": 40, "column": 4 }, "end": { "line": 40, "column": 95 } },
      "14": { "start": { "line": 43, "column": 2 }, "end": { "line": 45, "column": 3 } },
      "15": { "start": { "line": 44, "column": 4 }, "end": { "line": 44, "column": 95 } },
      "16": { "start": { "line": 47, "column": 2 }, "end": { "line": 49, "column": 3 } },
      "17": { "start": { "line": 48, "column": 4 }, "end": { "line": 48, "column": 95 } },
      "18": { "start": { "line": 51, "column": 2 }, "end": { "line": 53, "column": 3 } },
      "19": { "start": { "line": 52, "column": 4 }, "end": { "line": 52, "column": 95 } },
      "20": { "start": { "line": 55, "column": 2 }, "end": { "line": 57, "column": 3 } },
      "21": { "start": { "line": 56, "column": 4 }, "end": { "line": 56, "column": 95 } },
      "22": { "start": { "line": 59, "column": 2 }, "end": { "line": 61, "column": 3 } },
      "23": { "start": { "line": 60, "column": 4 }, "end": { "line": 60, "column": 92 } },
      "24": { "start": { "line": 63, "column": 2 }, "end": { "line": 65, "column": 3 } },
      "25": { "start": { "line": 64, "column": 4 }, "end": { "line": 64, "column": 95 } },
      "26": { "start": { "line": 67, "column": 2 }, "end": { "line": 69, "column": 3 } },
      "27": { "start": { "line": 68, "column": 4 }, "end": { "line": 68, "column": 95 } },
      "28": { "start": { "line": 71, "column": 2 }, "end": { "line": 73, "column": 3 } },
      "29": { "start": { "line": 72, "column": 4 }, "end": { "line": 72, "column": 95 } },
      "30": { "start": { "line": 75, "column": 2 }, "end": { "line": 77, "column": 3 } },
      "31": { "start": { "line": 76, "column": 4 }, "end": { "line": 76, "column": 95 } },
      "32": { "start": { "line": 79, "column": 2 }, "end": { "line": 81, "column": 3 } },
      "33": { "start": { "line": 80, "column": 4 }, "end": { "line": 80, "column": 95 } },
      "34": { "start": { "line": 83, "column": 2 }, "end": { "line": 85, "column": 3 } },
      "35": { "start": { "line": 84, "column": 4 }, "end": { "line": 84, "column": 95 } },
      "36": { "start": { "line": 87, "column": 2 }, "end": { "line": 89, "column": 3 } },
      "37": { "start": { "line": 88, "column": 4 }, "end": { "line": 88, "column": 95 } },
      "38": { "start": { "line": 91, "column": 2 }, "end": { "line": 93, "column": 3 } },
      "39": { "start": { "line": 92, "column": 4 }, "end": { "line": 92, "column": 95 } },
      "40": { "start": { "line": 95, "column": 2 }, "end": { "line": 97, "column": 3 } },
      "41": { "start": { "line": 96, "column": 4 }, "end": { "line": 96, "column": 95 } },
      "42": { "start": { "line": 99, "column": 2 }, "end": { "line": 101, "column": 3 } },
      "43": { "start": { "line": 100, "column": 4 }, "end": { "line": 100, "column": 95 } },
      "44": { "start": { "line": 103, "column": 2 }, "end": { "line": 105, "column": 3 } },
      "45": { "start": { "line": 104, "column": 4 }, "end": { "line": 104, "column": 95 } },
      "46": { "start": { "line": 107, "column": 2 }, "end": { "line": 109, "column": 3 } },
      "47": { "start": { "line": 108, "column": 4 }, "end": { "line": 108, "column": 95 } },
      "48": { "start": { "line": 112, "column": 2 }, "end": { "line": 112, "column": 90 } },
      "49": { "start": { "line": 115, "column": 22 }, "end": { "line": 166, "column": 1 } },
      "50": { "start": { "line": 116, "column": 15 }, "end": { "line": 116, "column": 39 } },
      "51": { "start": { "line": 119, "column": 2 }, "end": { "line": 119, "column": 196 } },
      "52": { "start": { "line": 119, "column": 177 }, "end": { "line": 119, "column": 196 } },
      "53": { "start": { "line": 121, "column": 2 }, "end": { "line": 121, "column": 210 } },
      "54": { "start": { "line": 121, "column": 195 }, "end": { "line": 121, "column": 210 } },
      "55": { "start": { "line": 123, "column": 2 }, "end": { "line": 123, "column": 128 } },
      "56": { "start": { "line": 123, "column": 108 }, "end": { "line": 123, "column": 128 } },
      "57": { "start": { "line": 125, "column": 2 }, "end": { "line": 125, "column": 198 } },
      "58": { "start": { "line": 125, "column": 180 }, "end": { "line": 125, "column": 198 } },
      "59": { "start": { "line": 127, "column": 2 }, "end": { "line": 127, "column": 190 } },
      "60": { "start": { "line": 127, "column": 169 }, "end": { "line": 127, "column": 190 } },
      "61": { "start": { "line": 129, "column": 2 }, "end": { "line": 129, "column": 95 } },
      "62": { "start": { "line": 129, "column": 80 }, "end": { "line": 129, "column": 95 } },
      "63": { "start": { "line": 131, "column": 2 }, "end": { "line": 131, "column": 205 } },
      "64": { "start": { "line": 131, "column": 188 }, "end": { "line": 131, "column": 205 } },
      "65": { "start": { "line": 133, "column": 2 }, "end": { "line": 133, "column": 195 } },
      "66": { "start": { "line": 133, "column": 171 }, "end": { "line": 133, "column": 195 } },
      "67": { "start": { "line": 135, "column": 2 }, "end": { "line": 135, "column": 189 } },
      "68": { "start": { "line": 135, "column": 165 }, "end": { "line": 135, "column": 189 } },
      "69": { "start": { "line": 137, "column": 2 }, "end": { "line": 137, "column": 197 } },
      "70": { "start": { "line": 137, "column": 183 }, "end": { "line": 137, "column": 197 } },
      "71": { "start": { "line": 139, "column": 2 }, "end": { "line": 139, "column": 260 } },
      "72": { "start": { "line": 139, "column": 240 }, "end": { "line": 139, "column": 260 } },
      "73": { "start": { "line": 141, "column": 2 }, "end": { "line": 141, "column": 211 } },
      "74": { "start": { "line": 141, "column": 190 }, "end": { "line": 141, "column": 211 } },
      "75": { "start": { "line": 143, "column": 2 }, "end": { "line": 143, "column": 214 } },
      "76": { "start": { "line": 143, "column": 200 }, "end": { "line": 143, "column": 214 } },
      "77": { "start": { "line": 145, "column": 2 }, "end": { "line": 145, "column": 144 } },
      "78": { "start": { "line": 145, "column": 130 }, "end": { "line": 145, "column": 144 } },
      "79": { "start": { "line": 147, "column": 2 }, "end": { "line": 147, "column": 153 } },
      "80": { "start": { "line": 147, "column": 139 }, "end": { "line": 147, "column": 153 } },
      "81": { "start": { "line": 149, "column": 2 }, "end": { "line": 149, "column": 152 } },
      "82": { "start": { "line": 149, "column": 139 }, "end": { "line": 149, "column": 152 } },
      "83": { "start": { "line": 151, "column": 2 }, "end": { "line": 151, "column": 149 } },
      "84": { "start": { "line": 151, "column": 131 }, "end": { "line": 151, "column": 149 } },
      "85": { "start": { "line": 153, "column": 2 }, "end": { "line": 153, "column": 233 } },
      "86": { "start": { "line": 153, "column": 209 }, "end": { "line": 153, "column": 233 } },
      "87": { "start": { "line": 155, "column": 2 }, "end": { "line": 155, "column": 152 } },
      "88": { "start": { "line": 155, "column": 135 }, "end": { "line": 155, "column": 152 } },
      "89": { "start": { "line": 157, "column": 2 }, "end": { "line": 157, "column": 107 } },
      "90": { "start": { "line": 157, "column": 88 }, "end": { "line": 157, "column": 107 } },
      "91": { "start": { "line": 159, "column": 2 }, "end": { "line": 159, "column": 150 } },
      "92": { "start": { "line": 159, "column": 136 }, "end": { "line": 159, "column": 150 } },
      "93": { "start": { "line": 161, "column": 2 }, "end": { "line": 161, "column": 138 } },
      "94": { "start": { "line": 161, "column": 122 }, "end": { "line": 161, "column": 138 } },
      "95": { "start": { "line": 163, "column": 2 }, "end": { "line": 163, "column": 147 } },
      "96": { "start": { "line": 163, "column": 131 }, "end": { "line": 163, "column": 147 } },
      "97": { "start": { "line": 165, "column": 2 }, "end": { "line": 165, "column": 33 } },
      "98": { "start": { "line": 169, "column": 16 }, "end": { "line": 169, "column": 32 } },
      "99": { "start": { "line": 170, "column": 34 }, "end": { "line": 170, "column": 49 } },
      "100": { "start": { "line": 171, "column": 38 }, "end": { "line": 171, "column": 53 } },
      "101": { "start": { "line": 172, "column": 21 }, "end": { "line": 172, "column": 55 } },
      "102": { "start": { "line": 174, "column": 30 }, "end": { "line": 190, "column": 3 } },
      "103": { "start": { "line": 176, "column": 4 }, "end": { "line": 187, "column": 15 } },
      "104": { "start": { "line": 189, "column": 4 }, "end": { "line": 189, "column": 31 } },
      "105": { "start": { "line": 192, "column": 29 }, "end": { "line": 210, "column": 3 } },
      "106": { "start": { "line": 193, "column": 18 }, "end": { "line": 193, "column": 65 } },
      "107": { "start": { "line": 194, "column": 63 }, "end": { "line": 194, "column": 65 } },
      "108": { "start": { "line": 196, "column": 4 }, "end": { "line": 203, "column": 5 } },
      "109": { "start": { "line": 196, "column": 17 }, "end": { "line": 196, "column": 18 } },
      "110": { "start": { "line": 197, "column": 6 }, "end": { "line": 202, "column": 7 } },
      "111": { "start": { "line": 198, "column": 8 }, "end": { "line": 201, "column": 11 } },
      "112": { "start": { "line": 205, "column": 4 }, "end": { "line": 207, "column": 5 } },
      "113": { "start": { "line": 206, "column": 6 }, "end": { "line": 206, "column": 18 } },
      "114": { "start": { "line": 209, "column": 4 }, "end": { "line": 209, "column": 26 } },
      "115": { "start": { "line": 212, "column": 29 }, "end": { "line": 223, "column": 3 } },
      "116": { "start": { "line": 213, "column": 4 }, "end": { "line": 222, "column": 5 } },
      "117": { "start": { "line": 215, "column": 8 }, "end": { "line": 215, "column": 25 } },
      "118": { "start": { "line": 217, "column": 8 }, "end": { "line": 217, "column": 25 } },
      "119": { "start": { "line": 219, "column": 8 }, "end": { "line": 219, "column": 25 } },
      "120": { "start": { "line": 221, "column": 8 }, "end": { "line": 221, "column": 22 } },
      "121": { "start": { "line": 225, "column": 21 }, "end": { "line": 225, "column": 47 } },
      "122": { "start": { "line": 227, "column": 2 }, "end": { "line": 434, "column": 4 } },
      "123": { "start": { "line": 230, "column": 21 }, "end": { "line": 230, "column": 43 } },
      "124": { "start": { "line": 240, "column": 27 }, "end": { "line": 240, "column": 46 } },
      "125": { "start": { "line": 300, "column": 34 }, "end": { "line": 300, "column": 76 } },
      "126": { "start": { "line": 301, "column": 14 }, "end": { "line": 324, "column": 16 } },
      "127": { "start": { "line": 351, "column": 16 }, "end": { "line": 369, "column": 23 } },
      "128": { "start": { "line": 385, "column": 20 }, "end": { "line": 393, "column": 27 } },
      "129": { "start": { "line": 410, "column": 25 }, "end": { "line": 410, "column": 47 } },
      "130": { "start": { "line": 437, "column": 15 }, "end": { "line": 704, "column": 2 } }
    },
    "fnMap": {
      "0": {
        "name": "(anonymous_0)",
        "decl": { "start": { "line": 15, "column": 23 }, "end": { "line": 15, "column": 24 } },
        "loc": { "start": { "line": 15, "column": 55 }, "end": { "line": 113, "column": 1 } },
        "line": 15
      },
      "1": {
        "name": "(anonymous_1)",
        "decl": { "start": { "line": 115, "column": 22 }, "end": { "line": 115, "column": 23 } },
        "loc": { "start": { "line": 115, "column": 54 }, "end": { "line": 166, "column": 1 } },
        "line": 115
      },
      "2": {
        "name": "RecipeCard",
        "decl": { "start": { "line": 168, "column": 16 }, "end": { "line": 168, "column": 26 } },
        "loc": { "start": { "line": 168, "column": 94 }, "end": { "line": 435, "column": 1 } },
        "line": 168
      },
      "3": {
        "name": "(anonymous_3)",
        "decl": { "start": { "line": 174, "column": 30 }, "end": { "line": 174, "column": 31 } },
        "loc": { "start": { "line": 174, "column": 36 }, "end": { "line": 190, "column": 3 } },
        "line": 174
      },
      "4": {
        "name": "(anonymous_4)",
        "decl": { "start": { "line": 192, "column": 29 }, "end": { "line": 192, "column": 30 } },
        "loc": { "start": { "line": 192, "column": 55 }, "end": { "line": 210, "column": 3 } },
        "line": 192
      },
      "5": {
        "name": "(anonymous_5)",
        "decl": { "start": { "line": 212, "column": 29 }, "end": { "line": 212, "column": 30 } },
        "loc": { "start": { "line": 212, "column": 54 }, "end": { "line": 223, "column": 3 } },
        "line": 212
      },
      "6": {
        "name": "(anonymous_6)",
        "decl": { "start": { "line": 230, "column": 15 }, "end": { "line": 230, "column": 16 } },
        "loc": { "start": { "line": 230, "column": 21 }, "end": { "line": 230, "column": 43 } },
        "line": 230
      },
      "7": {
        "name": "(anonymous_7)",
        "decl": { "start": { "line": 240, "column": 21 }, "end": { "line": 240, "column": 22 } },
        "loc": { "start": { "line": 240, "column": 27 }, "end": { "line": 240, "column": 46 } },
        "line": 240
      },
      "8": {
        "name": "(anonymous_8)",
        "decl": { "start": { "line": 299, "column": 71 }, "end": { "line": 299, "column": 72 } },
        "loc": { "start": { "line": 299, "column": 85 }, "end": { "line": 325, "column": 13 } },
        "line": 299
      },
      "9": {
        "name": "(anonymous_9)",
        "decl": { "start": { "line": 350, "column": 39 }, "end": { "line": 350, "column": 40 } },
        "loc": { "start": { "line": 351, "column": 16 }, "end": { "line": 369, "column": 23 } },
        "line": 351
      },
      "10": {
        "name": "(anonymous_10)",
        "decl": { "start": { "line": 384, "column": 64 }, "end": { "line": 384, "column": 65 } },
        "loc": { "start": { "line": 385, "column": 20 }, "end": { "line": 393, "column": 27 } },
        "line": 385
      },
      "11": {
        "name": "(anonymous_11)",
        "decl": { "start": { "line": 410, "column": 19 }, "end": { "line": 410, "column": 20 } },
        "loc": { "start": { "line": 410, "column": 25 }, "end": { "line": 410, "column": 47 } },
        "line": 410
      }
    },
    "branchMap": {
      "0": {
        "loc": { "start": { "line": 19, "column": 2 }, "end": { "line": 21, "column": 3 } },
        "type": "if",
        "locations": [
          { "start": { "line": 19, "column": 2 }, "end": { "line": 21, "column": 3 } },
          { "start": {}, "end": {} }
        ],
        "line": 19
      },
      "1": {
        "loc": { "start": { "line": 19, "column": 6 }, "end": { "line": 19, "column": 203 } },
        "type": "binary-expr",
        "locations": [
          { "start": { "line": 19, "column": 6 }, "end": { "line": 19, "column": 26 } },
          { "start": { "line": 19, "column": 30 }, "end": { "line": 19, "column": 50 } },
          { "start": { "line": 19, "column": 54 }, "end": { "line": 19, "column": 74 } },
          { "start": { "line": 19, "column": 78 }, "end": { "line": 19, "column": 98 } },
          { "start": { "line": 19, "column": 102 }, "end": { "line": 19, "column": 123 } },
          { "start": { "line": 19, "column": 127 }, "end": { "line": 19, "column": 149 } },
          { "start": { "line": 19, "column": 153 }, "end": { "line": 19, "column": 175 } },
          { "start": { "line": 19, "column": 179 }, "end": { "line": 19, "column": 203 } }
        ],
        "line": 19
      },
      "2": {
        "loc": { "start": { "line": 23, "column": 2 }, "end": { "line": 25, "column": 3 } },
        "type": "if",
        "locations": [
          { "start": { "line": 23, "column": 2 }, "end": { "line": 25, "column": 3 } },
          { "start": {}, "end": {} }
        ],
        "line": 23
      },
      "3": {
        "loc": { "start": { "line": 23, "column": 6 }, "end": { "line": 23, "column": 338 } },
        "type": "binary-expr",
        "locations": [
          { "start": { "line": 23, "column": 6 }, "end": { "line": 23, "column": 28 } },
          { "start": { "line": 23, "column": 32 }, "end": { "line": 23, "column": 58 } },
          { "start": { "line": 23, "column": 62 }, "end": { "line": 23, "column": 86 } },
          { "start": { "line": 23, "column": 90 }, "end": { "line": 23, "column": 112 } },
          { "start": { "line": 23, "column": 116 }, "end": { "line": 23, "column": 140 } },
          { "start": { "line": 23, "column": 144 }, "end": { "line": 23, "column": 166 } },
          { "start": { "line": 23, "column": 170 }, "end": { "line": 23, "column": 193 } },
          { "start": { "line": 23, "column": 197 }, "end": { "line": 23, "column": 220 } },
          { "start": { "line": 23, "column": 224 }, "end": { "line": 23, "column": 250 } },
          { "start": { "line": 23, "column": 254 }, "end": { "line": 23, "column": 280 } },
          { "start": { "line": 23, "column": 284 }, "end": { "line": 23, "column": 306 } },
          { "start": { "line": 23, "column": 310 }, "end": { "line": 23, "column": 338 } }
        ],
        "line": 23
      },
      "4": {
        "loc": { "start": { "line": 27, "column": 2 }, "end": { "line": 29, "column": 3 } },
        "type": "if",
        "locations": [
          { "start": { "line": 27, "column": 2 }, "end": { "line": 29, "column": 3 } },
          { "start": {}, "end": {} }
        ],
        "line": 27
      },
      "5": {
        "loc": { "start": { "line": 27, "column": 6 }, "end": { "line": 27, "column": 106 } },
        "type": "binary-expr",
        "locations": [
          { "start": { "line": 27, "column": 6 }, "end": { "line": 27, "column": 28 } },
          { "start": { "line": 27, "column": 32 }, "end": { "line": 27, "column": 54 } },
          { "start": { "line": 27, "column": 58 }, "end": { "line": 27, "column": 80 } },
          { "start": { "line": 27, "column": 84 }, "end": { "line": 27, "column": 106 } }
        ],
        "line": 27
      },
      "6": {
        "loc": { "start": { "line": 31, "column": 2 }, "end": { "line": 33, "column": 3 } },
        "type": "if",
        "locations": [
          { "start": { "line": 31, "column": 2 }, "end": { "line": 33, "column": 3 } },
          { "start": {}, "end": {} }
        ],
        "line": 31
      },
      "7": {
        "loc": { "start": { "line": 31, "column": 6 }, "end": { "line": 31, "column": 234 } },
        "type": "binary-expr",
        "locations": [
          { "start": { "line": 31, "column": 6 }, "end": { "line": 31, "column": 27 } },
          { "start": { "line": 31, "column": 31 }, "end": { "line": 31, "column": 51 } },
          { "start": { "line": 31, "column": 55 }, "end": { "line": 31, "column": 75 } },
          { "start": { "line": 31, "column": 79 }, "end": { "line": 31, "column": 100 } },
          { "start": { "line": 31, "column": 104 }, "end": { "line": 31, "column": 128 } },
          { "start": { "line": 31, "column": 132 }, "end": { "line": 31, "column": 154 } },
          { "start": { "line": 31, "column": 158 }, "end": { "line": 31, "column": 180 } },
          { "start": { "line": 31, "column": 184 }, "end": { "line": 31, "column": 206 } },
          { "start": { "line": 31, "column": 210 }, "end": { "line": 31, "column": 234 } }
        ],
        "line": 31
      },
      "8": {
        "loc": { "start": { "line": 35, "column": 2 }, "end": { "line": 37, "column": 3 } },
        "type": "if",
        "locations": [
          { "start": { "line": 35, "column": 2 }, "end": { "line": 37, "column": 3 } },
          { "start": {}, "end": {} }
        ],
        "line": 35
      },
      "9": {
        "loc": { "start": { "line": 35, "column": 6 }, "end": { "line": 35, "column": 222 } },
        "type": "binary-expr",
        "locations": [
          { "start": { "line": 35, "column": 6 }, "end": { "line": 35, "column": 31 } },
          { "start": { "line": 35, "column": 35 }, "end": { "line": 35, "column": 58 } },
          { "start": { "line": 35, "column": 62 }, "end": { "line": 35, "column": 88 } },
          { "start": { "line": 35, "column": 92 }, "end": { "line": 35, "column": 116 } },
          { "start": { "line": 35, "column": 120 }, "end": { "line": 35, "column": 142 } },
          { "start": { "line": 35, "column": 146 }, "end": { "line": 35, "column": 167 } },
          { "start": { "line": 35, "column": 171 }, "end": { "line": 35, "column": 193 } },
          { "start": { "line": 35, "column": 197 }, "end": { "line": 35, "column": 222 } }
        ],
        "line": 35
      },
      "10": {
        "loc": { "start": { "line": 39, "column": 2 }, "end": { "line": 41, "column": 3 } },
        "type": "if",
        "locations": [
          { "start": { "line": 39, "column": 2 }, "end": { "line": 41, "column": 3 } },
          { "start": {}, "end": {} }
        ],
        "line": 39
      },
      "11": {
        "loc": { "start": { "line": 39, "column": 6 }, "end": { "line": 39, "column": 78 } },
        "type": "binary-expr",
        "locations": [
          { "start": { "line": 39, "column": 6 }, "end": { "line": 39, "column": 28 } },
          { "start": { "line": 39, "column": 32 }, "end": { "line": 39, "column": 53 } },
          { "start": { "line": 39, "column": 57 }, "end": { "line": 39, "column": 78 } }
        ],
        "line": 39
      },
      "12": {
        "loc": { "start": { "line": 43, "column": 2 }, "end": { "line": 45, "column": 3 } },
        "type": "if",
        "locations": [
          { "start": { "line": 43, "column": 2 }, "end": { "line": 45, "column": 3 } },
          { "start": {}, "end": {} }
        ],
        "line": 43
      },
      "13": {
        "loc": { "start": { "line": 43, "column": 6 }, "end": { "line": 43, "column": 302 } },
        "type": "binary-expr",
        "locations": [
          { "start": { "line": 43, "column": 6 }, "end": { "line": 43, "column": 27 } },
          { "start": { "line": 43, "column": 31 }, "end": { "line": 43, "column": 53 } },
          { "start": { "line": 43, "column": 57 }, "end": { "line": 43, "column": 78 } },
          { "start": { "line": 43, "column": 82 }, "end": { "line": 43, "column": 105 } },
          { "start": { "line": 43, "column": 109 }, "end": { "line": 43, "column": 133 } },
          { "start": { "line": 43, "column": 137 }, "end": { "line": 43, "column": 159 } },
          { "start": { "line": 43, "column": 163 }, "end": { "line": 43, "column": 186 } },
          { "start": { "line": 43, "column": 190 }, "end": { "line": 43, "column": 216 } },
          { "start": { "line": 43, "column": 220 }, "end": { "line": 43, "column": 243 } },
          { "start": { "line": 43, "column": 247 }, "end": { "line": 43, "column": 274 } },
          { "start": { "line": 43, "column": 278 }, "end": { "line": 43, "column": 302 } }
        ],
        "line": 43
      },
      "14": {
        "loc": { "start": { "line": 47, "column": 2 }, "end": { "line": 49, "column": 3 } },
        "type": "if",
        "locations": [
          { "start": { "line": 47, "column": 2 }, "end": { "line": 49, "column": 3 } },
          { "start": {}, "end": {} }
        ],
        "line": 47
      },
      "15": {
        "loc": { "start": { "line": 47, "column": 6 }, "end": { "line": 47, "column": 223 } },
        "type": "binary-expr",
        "locations": [
          { "start": { "line": 47, "column": 6 }, "end": { "line": 47, "column": 30 } },
          { "start": { "line": 47, "column": 34 }, "end": { "line": 47, "column": 59 } },
          { "start": { "line": 47, "column": 63 }, "end": { "line": 47, "column": 86 } },
          { "start": { "line": 47, "column": 90 }, "end": { "line": 47, "column": 112 } },
          { "start": { "line": 47, "column": 116 }, "end": { "line": 47, "column": 144 } },
          { "start": { "line": 47, "column": 148 }, "end": { "line": 47, "column": 170 } },
          { "start": { "line": 47, "column": 174 }, "end": { "line": 47, "column": 197 } },
          { "start": { "line": 47, "column": 201 }, "end": { "line": 47, "column": 223 } }
        ],
        "line": 47
      },
      "16": {
        "loc": { "start": { "line": 51, "column": 2 }, "end": { "line": 53, "column": 3 } },
        "type": "if",
        "locations": [
          { "start": { "line": 51, "column": 2 }, "end": { "line": 53, "column": 3 } },
          { "start": {}, "end": {} }
        ],
        "line": 51
      },
      "17": {
        "loc": { "start": { "line": 51, "column": 6 }, "end": { "line": 51, "column": 213 } },
        "type": "binary-expr",
        "locations": [
          { "start": { "line": 51, "column": 6 }, "end": { "line": 51, "column": 30 } },
          { "start": { "line": 51, "column": 34 }, "end": { "line": 51, "column": 58 } },
          { "start": { "line": 51, "column": 62 }, "end": { "line": 51, "column": 83 } },
          { "start": { "line": 51, "column": 87 }, "end": { "line": 51, "column": 108 } },
          { "start": { "line": 51, "column": 112 }, "end": { "line": 51, "column": 134 } },
          { "start": { "line": 51, "column": 138 }, "end": { "line": 51, "column": 159 } },
          { "start": { "line": 51, "column": 163 }, "end": { "line": 51, "column": 188 } },
          { "start": { "line": 51, "column": 192 }, "end": { "line": 51, "column": 213 } }
        ],
        "line": 51
      },
      "18": {
        "loc": { "start": { "line": 55, "column": 2 }, "end": { "line": 57, "column": 3 } },
        "type": "if",
        "locations": [
          { "start": { "line": 55, "column": 2 }, "end": { "line": 57, "column": 3 } },
          { "start": {}, "end": {} }
        ],
        "line": 55
      },
      "19": {
        "loc": { "start": { "line": 55, "column": 6 }, "end": { "line": 55, "column": 290 } },
        "type": "binary-expr",
        "locations": [
          { "start": { "line": 55, "column": 6 }, "end": { "line": 55, "column": 27 } },
          { "start": { "line": 55, "column": 31 }, "end": { "line": 55, "column": 51 } },
          { "start": { "line": 55, "column": 55 }, "end": { "line": 55, "column": 75 } },
          { "start": { "line": 55, "column": 79 }, "end": { "line": 55, "column": 101 } },
          { "start": { "line": 55, "column": 105 }, "end": { "line": 55, "column": 128 } },
          { "start": { "line": 55, "column": 132 }, "end": { "line": 55, "column": 154 } },
          { "start": { "line": 55, "column": 158 }, "end": { "line": 55, "column": 181 } },
          { "start": { "line": 55, "column": 185 }, "end": { "line": 55, "column": 207 } },
          { "start": { "line": 55, "column": 211 }, "end": { "line": 55, "column": 232 } },
          { "start": { "line": 55, "column": 236 }, "end": { "line": 55, "column": 260 } },
          { "start": { "line": 55, "column": 264 }, "end": { "line": 55, "column": 290 } }
        ],
        "line": 55
      },
      "20": {
        "loc": { "start": { "line": 59, "column": 2 }, "end": { "line": 61, "column": 3 } },
        "type": "if",
        "locations": [
          { "start": { "line": 59, "column": 2 }, "end": { "line": 61, "column": 3 } },
          { "start": {}, "end": {} }
        ],
        "line": 59
      },
      "21": {
        "loc": { "start": { "line": 59, "column": 6 }, "end": { "line": 59, "column": 321 } },
        "type": "binary-expr",
        "locations": [
          { "start": { "line": 59, "column": 6 }, "end": { "line": 59, "column": 27 } },
          { "start": { "line": 59, "column": 31 }, "end": { "line": 59, "column": 55 } },
          { "start": { "line": 59, "column": 59 }, "end": { "line": 59, "column": 84 } },
          { "start": { "line": 59, "column": 88 }, "end": { "line": 59, "column": 109 } },
          { "start": { "line": 59, "column": 113 }, "end": { "line": 59, "column": 135 } },
          { "start": { "line": 59, "column": 139 }, "end": { "line": 59, "column": 160 } },
          { "start": { "line": 59, "column": 164 }, "end": { "line": 59, "column": 186 } },
          { "start": { "line": 59, "column": 190 }, "end": { "line": 59, "column": 211 } },
          { "start": { "line": 59, "column": 215 }, "end": { "line": 59, "column": 236 } },
          { "start": { "line": 59, "column": 240 }, "end": { "line": 59, "column": 264 } },
          { "start": { "line": 59, "column": 268 }, "end": { "line": 59, "column": 291 } },
          { "start": { "line": 59, "column": 295 }, "end": { "line": 59, "column": 321 } }
        ],
        "line": 59
      },
      "22": {
        "loc": { "start": { "line": 63, "column": 2 }, "end": { "line": 65, "column": 3 } },
        "type": "if",
        "locations": [
          { "start": { "line": 63, "column": 2 }, "end": { "line": 65, "column": 3 } },
          { "start": {}, "end": {} }
        ],
        "line": 63
      },
      "23": {
        "loc": { "start": { "line": 63, "column": 6 }, "end": { "line": 63, "column": 243 } },
        "type": "binary-expr",
        "locations": [
          { "start": { "line": 63, "column": 6 }, "end": { "line": 63, "column": 27 } },
          { "start": { "line": 63, "column": 31 }, "end": { "line": 63, "column": 54 } },
          { "start": { "line": 63, "column": 58 }, "end": { "line": 63, "column": 81 } },
          { "start": { "line": 63, "column": 85 }, "end": { "line": 63, "column": 109 } },
          { "start": { "line": 63, "column": 113 }, "end": { "line": 63, "column": 138 } },
          { "start": { "line": 63, "column": 142 }, "end": { "line": 63, "column": 164 } },
          { "start": { "line": 63, "column": 168 }, "end": { "line": 63, "column": 191 } },
          { "start": { "line": 63, "column": 195 }, "end": { "line": 63, "column": 217 } },
          { "start": { "line": 63, "column": 221 }, "end": { "line": 63, "column": 243 } }
        ],
        "line": 63
      },
      "24": {
        "loc": { "start": { "line": 67, "column": 2 }, "end": { "line": 69, "column": 3 } },
        "type": "if",
        "locations": [
          { "start": { "line": 67, "column": 2 }, "end": { "line": 69, "column": 3 } },
          { "start": {}, "end": {} }
        ],
        "line": 67
      },
      "25": {
        "loc": { "start": { "line": 67, "column": 6 }, "end": { "line": 67, "column": 363 } },
        "type": "binary-expr",
        "locations": [
          { "start": { "line": 67, "column": 6 }, "end": { "line": 67, "column": 29 } },
          { "start": { "line": 67, "column": 33 }, "end": { "line": 67, "column": 58 } },
          { "start": { "line": 67, "column": 62 }, "end": { "line": 67, "column": 86 } },
          { "start": { "line": 67, "column": 90 }, "end": { "line": 67, "column": 116 } },
          { "start": { "line": 67, "column": 120 }, "end": { "line": 67, "column": 145 } },
          { "start": { "line": 67, "column": 149 }, "end": { "line": 67, "column": 172 } },
          { "start": { "line": 67, "column": 176 }, "end": { "line": 67, "column": 201 } },
          { "start": { "line": 67, "column": 205 }, "end": { "line": 67, "column": 229 } },
          { "start": { "line": 67, "column": 233 }, "end": { "line": 67, "column": 257 } },
          { "start": { "line": 67, "column": 261 }, "end": { "line": 67, "column": 284 } },
          { "start": { "line": 67, "column": 288 }, "end": { "line": 67, "column": 311 } },
          { "start": { "line": 67, "column": 315 }, "end": { "line": 67, "column": 336 } },
          { "start": { "line": 67, "column": 340 }, "end": { "line": 67, "column": 363 } }
        ],
        "line": 67
      },
      "26": {
        "loc": { "start": { "line": 71, "column": 2 }, "end": { "line": 73, "column": 3 } },
        "type": "if",
        "locations": [
          { "start": { "line": 71, "column": 2 }, "end": { "line": 73, "column": 3 } },
          { "start": {}, "end": {} }
        ],
        "line": 71
      },
      "27": {
        "loc": { "start": { "line": 71, "column": 6 }, "end": { "line": 71, "column": 232 } },
        "type": "binary-expr",
        "locations": [
          { "start": { "line": 71, "column": 6 }, "end": { "line": 71, "column": 27 } },
          { "start": { "line": 71, "column": 31 }, "end": { "line": 71, "column": 51 } },
          { "start": { "line": 71, "column": 55 }, "end": { "line": 71, "column": 75 } },
          { "start": { "line": 71, "column": 79 }, "end": { "line": 71, "column": 100 } },
          { "start": { "line": 71, "column": 104 }, "end": { "line": 71, "column": 128 } },
          { "start": { "line": 71, "column": 132 }, "end": { "line": 71, "column": 155 } },
          { "start": { "line": 71, "column": 159 }, "end": { "line": 71, "column": 181 } },
          { "start": { "line": 71, "column": 185 }, "end": { "line": 71, "column": 207 } },
          { "start": { "line": 71, "column": 211 }, "end": { "line": 71, "column": 232 } }
        ],
        "line": 71
      },
      "28": {
        "loc": { "start": { "line": 75, "column": 2 }, "end": { "line": 77, "column": 3 } },
        "type": "if",
        "locations": [
          { "start": { "line": 75, "column": 2 }, "end": { "line": 77, "column": 3 } },
          { "start": {}, "end": {} }
        ],
        "line": 75
      },
      "29": {
        "loc": { "start": { "line": 75, "column": 6 }, "end": { "line": 75, "column": 164 } },
        "type": "binary-expr",
        "locations": [
          { "start": { "line": 75, "column": 6 }, "end": { "line": 75, "column": 32 } },
          { "start": { "line": 75, "column": 36 }, "end": { "line": 75, "column": 59 } },
          { "start": { "line": 75, "column": 63 }, "end": { "line": 75, "column": 84 } },
          { "start": { "line": 75, "column": 88 }, "end": { "line": 75, "column": 111 } },
          { "start": { "line": 75, "column": 115 }, "end": { "line": 75, "column": 137 } },
          { "start": { "line": 75, "column": 141 }, "end": { "line": 75, "column": 164 } }
        ],
        "line": 75
      },
      "30": {
        "loc": { "start": { "line": 79, "column": 2 }, "end": { "line": 81, "column": 3 } },
        "type": "if",
        "locations": [
          { "start": { "line": 79, "column": 2 }, "end": { "line": 81, "column": 3 } },
          { "start": {}, "end": {} }
        ],
        "line": 79
      },
      "31": {
        "loc": { "start": { "line": 79, "column": 6 }, "end": { "line": 79, "column": 217 } },
        "type": "binary-expr",
        "locations": [
          { "start": { "line": 79, "column": 6 }, "end": { "line": 79, "column": 31 } },
          { "start": { "line": 79, "column": 35 }, "end": { "line": 79, "column": 59 } },
          { "start": { "line": 79, "column": 63 }, "end": { "line": 79, "column": 85 } },
          { "start": { "line": 79, "column": 89 }, "end": { "line": 79, "column": 111 } },
          { "start": { "line": 79, "column": 115 }, "end": { "line": 79, "column": 137 } },
          { "start": { "line": 79, "column": 141 }, "end": { "line": 79, "column": 165 } },
          { "start": { "line": 79, "column": 169 }, "end": { "line": 79, "column": 191 } },
          { "start": { "line": 79, "column": 195 }, "end": { "line": 79, "column": 217 } }
        ],
        "line": 79
      },
      "32": {
        "loc": { "start": { "line": 83, "column": 2 }, "end": { "line": 85, "column": 3 } },
        "type": "if",
        "locations": [
          { "start": { "line": 83, "column": 2 }, "end": { "line": 85, "column": 3 } },
          { "start": {}, "end": {} }
        ],
        "line": 83
      },
      "33": {
        "loc": { "start": { "line": 83, "column": 6 }, "end": { "line": 83, "column": 183 } },
        "type": "binary-expr",
        "locations": [
          { "start": { "line": 83, "column": 6 }, "end": { "line": 83, "column": 28 } },
          { "start": { "line": 83, "column": 32 }, "end": { "line": 83, "column": 54 } },
          { "start": { "line": 83, "column": 58 }, "end": { "line": 83, "column": 79 } },
          { "start": { "line": 83, "column": 83 }, "end": { "line": 83, "column": 104 } },
          { "start": { "line": 83, "column": 108 }, "end": { "line": 83, "column": 129 } },
          { "start": { "line": 83, "column": 133 }, "end": { "line": 83, "column": 154 } },
          { "start": { "line": 83, "column": 158 }, "end": { "line": 83, "column": 183 } }
        ],
        "line": 83
      },
      "34": {
        "loc": { "start": { "line": 87, "column": 2 }, "end": { "line": 89, "column": 3 } },
        "type": "if",
        "locations": [
          { "start": { "line": 87, "column": 2 }, "end": { "line": 89, "column": 3 } },
          { "start": {}, "end": {} }
        ],
        "line": 87
      },
      "35": {
        "loc": { "start": { "line": 87, "column": 6 }, "end": { "line": 87, "column": 312 } },
        "type": "binary-expr",
        "locations": [
          { "start": { "line": 87, "column": 6 }, "end": { "line": 87, "column": 27 } },
          { "start": { "line": 87, "column": 31 }, "end": { "line": 87, "column": 53 } },
          { "start": { "line": 87, "column": 57 }, "end": { "line": 87, "column": 78 } },
          { "start": { "line": 87, "column": 82 }, "end": { "line": 87, "column": 106 } },
          { "start": { "line": 87, "column": 110 }, "end": { "line": 87, "column": 132 } },
          { "start": { "line": 87, "column": 136 }, "end": { "line": 87, "column": 157 } },
          { "start": { "line": 87, "column": 161 }, "end": { "line": 87, "column": 183 } },
          { "start": { "line": 87, "column": 187 }, "end": { "line": 87, "column": 208 } },
          { "start": { "line": 87, "column": 212 }, "end": { "line": 87, "column": 234 } },
          { "start": { "line": 87, "column": 238 }, "end": { "line": 87, "column": 260 } },
          { "start": { "line": 87, "column": 264 }, "end": { "line": 87, "column": 286 } },
          { "start": { "line": 87, "column": 290 }, "end": { "line": 87, "column": 312 } }
        ],
        "line": 87
      },
      "36": {
        "loc": { "start": { "line": 91, "column": 2 }, "end": { "line": 93, "column": 3 } },
        "type": "if",
        "locations": [
          { "start": { "line": 91, "column": 2 }, "end": { "line": 93, "column": 3 } },
          { "start": {}, "end": {} }
        ],
        "line": 91
      },
      "37": {
        "loc": { "start": { "line": 91, "column": 6 }, "end": { "line": 91, "column": 238 } },
        "type": "binary-expr",
        "locations": [
          { "start": { "line": 91, "column": 6 }, "end": { "line": 91, "column": 27 } },
          { "start": { "line": 91, "column": 31 }, "end": { "line": 91, "column": 51 } },
          { "start": { "line": 91, "column": 55 }, "end": { "line": 91, "column": 77 } },
          { "start": { "line": 91, "column": 81 }, "end": { "line": 91, "column": 103 } },
          { "start": { "line": 91, "column": 107 }, "end": { "line": 91, "column": 129 } },
          { "start": { "line": 91, "column": 133 }, "end": { "line": 91, "column": 155 } },
          { "start": { "line": 91, "column": 159 }, "end": { "line": 91, "column": 183 } },
          { "start": { "line": 91, "column": 187 }, "end": { "line": 91, "column": 211 } },
          { "start": { "line": 91, "column": 215 }, "end": { "line": 91, "column": 238 } }
        ],
        "line": 91
      },
      "38": {
        "loc": { "start": { "line": 95, "column": 2 }, "end": { "line": 97, "column": 3 } },
        "type": "if",
        "locations": [
          { "start": { "line": 95, "column": 2 }, "end": { "line": 97, "column": 3 } },
          { "start": {}, "end": {} }
        ],
        "line": 95
      },
      "39": {
        "loc": { "start": { "line": 95, "column": 6 }, "end": { "line": 95, "column": 86 } },
        "type": "binary-expr",
        "locations": [
          { "start": { "line": 95, "column": 6 }, "end": { "line": 95, "column": 29 } },
          { "start": { "line": 95, "column": 33 }, "end": { "line": 95, "column": 59 } },
          { "start": { "line": 95, "column": 63 }, "end": { "line": 95, "column": 86 } }
        ],
        "line": 95
      },
      "40": {
        "loc": { "start": { "line": 99, "column": 2 }, "end": { "line": 101, "column": 3 } },
        "type": "if",
        "locations": [
          { "start": { "line": 99, "column": 2 }, "end": { "line": 101, "column": 3 } },
          { "start": {}, "end": {} }
        ],
        "line": 99
      },
      "41": {
[...]
      "40": { "start": { "line": 65, "column": 6 }, "end": { "line": 65, "column": 29 } },
      "41": { "start": { "line": 68, "column": 2 }, "end": { "line": 68, "column": 25 } },
      "42": { "start": { "line": 72, "column": 2 }, "end": { "line": 72, "column": 42 } },
      "43": { "start": { "line": 72, "column": 30 }, "end": { "line": 72, "column": 42 } },
      "44": { "start": { "line": 73, "column": 2 }, "end": { "line": 92, "column": 3 } },
      "45": { "start": { "line": 74, "column": 22 }, "end": { "line": 74, "column": 52 } },
      "46": { "start": { "line": 77, "column": 4 }, "end": { "line": 82, "column": 5 } },
      "47": { "start": { "line": 78, "column": 27 }, "end": { "line": 78, "column": 67 } },
      "48": { "start": { "line": 79, "column": 6 }, "end": { "line": 81, "column": 7 } },
      "49": { "start": { "line": 80, "column": 8 }, "end": { "line": 80, "column": 46 } },
      "50": { "start": { "line": 85, "column": 4 }, "end": { "line": 87, "column": 5 } },
      "51": { "start": { "line": 86, "column": 6 }, "end": { "line": 86, "column": 49 } },
      "52": { "start": { "line": 88, "column": 4 }, "end": { "line": 88, "column": 16 } },
      "53": { "start": { "line": 90, "column": 4 }, "end": { "line": 90, "column": 53 } },
      "54": { "start": { "line": 91, "column": 4 }, "end": { "line": 91, "column": 16 } },
      "55": { "start": { "line": 98, "column": 2 }, "end": { "line": 98, "column": 46 } },
      "56": { "start": { "line": 98, "column": 30 }, "end": { "line": 98, "column": 46 } },
      "57": { "start": { "line": 99, "column": 2 }, "end": { "line": 113, "column": 3 } },
      "58": { "start": { "line": 100, "column": 29 }, "end": { "line": 100, "column": 65 } },
      "59": { "start": { "line": 101, "column": 18 }, "end": { "line": 101, "column": 84 } },
      "60": { "start": { "line": 102, "column": 4 }, "end": { "line": 105, "column": 5 } },
      "61": { "start": { "line": 103, "column": 6 }, "end": { "line": 103, "column": 137 } },
      "62": { "start": { "line": 104, "column": 6 }, "end": { "line": 104, "column": 30 } },
      "63": { "start": { "line": 106, "column": 4 }, "end": { "line": 106, "column": 21 } },
      "64": { "start": { "line": 108, "column": 4 }, "end": { "line": 110, "column": 5 } },
      "65": { "start": { "line": 109, "column": 6 }, "end": { "line": 109, "column": 25 } },
      "66": { "start": { "line": 111, "column": 4 }, "end": { "line": 111, "column": 45 } },
      "67": { "start": { "line": 112, "column": 4 }, "end": { "line": 112, "column": 20 } },
      "68": { "start": { "line": 117, "column": 2 }, "end": { "line": 117, "column": 43 } },
      "69": { "start": { "line": 117, "column": 30 }, "end": { "line": 117, "column": 43 } },
      "70": { "start": { "line": 118, "column": 2 }, "end": { "line": 124, "column": 3 } },
      "71": { "start": { "line": 119, "column": 25 }, "end": { "line": 119, "column": 59 } },
      "72": { "start": { "line": 120, "column": 4 }, "end": { "line": 120, "column": 78 } },
      "73": { "start": { "line": 122, "column": 4 }, "end": { "line": 122, "column": 57 } },
      "74": { "start": { "line": 123, "column": 4 }, "end": { "line": 123, "column": 17 } },
      "75": { "start": { "line": 129, "column": 2 }, "end": { "line": 129, "column": 48 } },
      "76": { "start": { "line": 133, "column": 2 }, "end": { "line": 145, "column": 3 } },
      "77": { "start": { "line": 134, "column": 17 }, "end": { "line": 134, "column": 59 } },
      "78": { "start": { "line": 135, "column": 4 }, "end": { "line": 140, "column": 5 } },
      "79": { "start": { "line": 136, "column": 31 }, "end": { "line": 136, "column": 47 } },
      "80": { "start": { "line": 137, "column": 6 }, "end": { "line": 139, "column": 7 } },
      "81": { "start": { "line": 138, "column": 8 }, "end": { "line": 138, "column": 21 } },
      "82": { "start": { "line": 141, "column": 4 }, "end": { "line": 141, "column": 45 } },
      "83": { "start": { "line": 143, "column": 4 }, "end": { "line": 143, "column": 54 } },
      "84": { "start": { "line": 144, "column": 4 }, "end": { "line": 144, "column": 45 } },
      "85": { "start": { "line": 149, "column": 2 }, "end": { "line": 158, "column": 3 } },
      "86": { "start": { "line": 150, "column": 18 }, "end": { "line": 150, "column": 43 } },
      "87": { "start": { "line": 151, "column": 31 }, "end": { "line": 154, "column": 5 } },
      "88": { "start": { "line": 155, "column": 4 }, "end": { "line": 155, "column": 72 } },
      "89": { "start": { "line": 157, "column": 4 }, "end": { "line": 157, "column": 60 } },
      "90": { "start": { "line": 162, "column": 2 }, "end": { "line": 162, "column": 25 } },
      "91": { "start": { "line": 162, "column": 13 }, "end": { "line": 162, "column": 25 } },
      "92": { "start": { "line": 163, "column": 16 }, "end": { "line": 163, "column": 41 } },
      "93": { "start": { "line": 164, "column": 2 }, "end": { "line": 164, "column": 40 } },
      "94": { "start": { "line": 168, "column": 2 }, "end": { "line": 168, "column": 32 } },
      "95": { "start": { "line": 168, "column": 13 }, "end": { "line": 168, "column": 32 } },
      "96": { "start": { "line": 169, "column": 16 }, "end": { "line": 169, "column": 41 } },
      "97": { "start": { "line": 170, "column": 2 }, "end": { "line": 170, "column": 53 } }
    },
    "fnMap": {
      "0": {
        "name": "getMaxFavorites",
        "decl": { "start": { "line": 18, "column": 16 }, "end": { "line": 18, "column": 31 } },
        "loc": { "start": { "line": 18, "column": 56 }, "end": { "line": 20, "column": 1 } },
        "line": 18
      },
      "1": {
        "name": "getMaxRecentScans",
        "decl": { "start": { "line": 22, "column": 16 }, "end": { "line": 22, "column": 33 } },
        "loc": { "start": { "line": 22, "column": 58 }, "end": { "line": 24, "column": 1 } },
        "line": 22
      },
      "2": {
        "name": "initRevenueCat",
        "decl": { "start": { "line": 32, "column": 16 }, "end": { "line": 32, "column": 30 } },
        "loc": { "start": { "line": 32, "column": 48 }, "end": { "line": 44, "column": 1 } },
        "line": 32
      },
      "3": {
        "name": "(anonymous_3)",
        "decl": { "start": { "line": 35, "column": 17 }, "end": { "line": 35, "column": 18 } },
        "loc": { "start": { "line": 35, "column": 29 }, "end": { "line": 42, "column": 3 } },
        "line": 35
      },
      "4": {
        "name": "waitForInit",
        "decl": { "start": { "line": 46, "column": 15 }, "end": { "line": 46, "column": 26 } },
        "loc": { "start": { "line": 46, "column": 47 }, "end": { "line": 50, "column": 1 } },
        "line": 46
      },
      "5": {
        "name": "checkProStatus",
        "decl": { "start": { "line": 52, "column": 16 }, "end": { "line": 52, "column": 30 } },
        "loc": { "start": { "line": 52, "column": 51 }, "end": { "line": 69, "column": 1 } },
        "line": 52
      },
      "6": {
        "name": "(anonymous_6)",
        "decl": { "start": { "line": 55, "column": 21 }, "end": { "line": 55, "column": 22 } },
        "loc": { "start": { "line": 55, "column": 33 }, "end": { "line": 67, "column": 3 } },
        "line": 55
      },
      "7": {
        "name": "getOfferings",
        "decl": { "start": { "line": 71, "column": 22 }, "end": { "line": 71, "column": 34 } },
        "loc": { "start": { "line": 71, "column": 94 }, "end": { "line": 93, "column": 1 } },
        "line": 71
      },
      "8": {
        "name": "purchasePackage",
        "decl": { "start": { "line": 97, "column": 22 }, "end": { "line": 97, "column": 37 } },
        "loc": { "start": { "line": 97, "column": 86 }, "end": { "line": 114, "column": 1 } },
        "line": 97
      },
      "9": {
        "name": "restorePurchases",
        "decl": { "start": { "line": 116, "column": 22 }, "end": { "line": 116, "column": 38 } },
        "loc": { "start": { "line": 116, "column": 59 }, "end": { "line": 125, "column": 1 } },
        "line": 116
      },
      "10": {
        "name": "getTodayKey",
        "decl": { "start": { "line": 128, "column": 9 }, "end": { "line": 128, "column": 20 } },
        "loc": { "start": { "line": 128, "column": 31 }, "end": { "line": 130, "column": 1 } },
        "line": 128
      },
      "11": {
        "name": "getDailyScanUsage",
        "decl": { "start": { "line": 132, "column": 22 }, "end": { "line": 132, "column": 39 } },
        "loc": { "start": { "line": 132, "column": 62 }, "end": { "line": 146, "column": 1 } },
        "line": 132
      },
      "12": {
        "name": "incrementScanCount",
        "decl": { "start": { "line": 148, "column": 22 }, "end": { "line": 148, "column": 40 } },
        "loc": { "start": { "line": 148, "column": 58 }, "end": { "line": 159, "column": 1 } },
        "line": 148
      },
      "13": {
        "name": "canScan",
        "decl": { "start": { "line": 161, "column": 22 }, "end": { "line": 161, "column": 29 } },
        "loc": { "start": { "line": 161, "column": 64 }, "end": { "line": 165, "column": 1 } },
        "line": 161
      },
      "14": {
        "name": "getRemainingScans",
        "decl": { "start": { "line": 167, "column": 22 }, "end": { "line": 167, "column": 39 } },
        "loc": { "start": { "line": 167, "column": 87 }, "end": { "line": 171, "column": 1 } },
        "line": 167
      }
    },
    "branchMap": {
      "0": {
        "loc": { "start": { "line": 19, "column": 9 }, "end": { "line": 19, "column": 55 } },
        "type": "cond-expr",
        "locations": [
          { "start": { "line": 19, "column": 17 }, "end": { "line": 19, "column": 34 } },
          { "start": { "line": 19, "column": 37 }, "end": { "line": 19, "column": 55 } }
        ],
        "line": 19
      },
      "1": {
        "loc": { "start": { "line": 23, "column": 9 }, "end": { "line": 23, "column": 61 } },
        "type": "cond-expr",
        "locations": [
          { "start": { "line": 23, "column": 17 }, "end": { "line": 23, "column": 37 } },
          { "start": { "line": 23, "column": 40 }, "end": { "line": 23, "column": 61 } }
        ],
        "line": 23
      },
      "2": {
        "loc": { "start": { "line": 27, "column": 17 }, "end": { "line": 27, "column": 67 } },
        "type": "binary-expr",
        "locations": [
          { "start": { "line": 27, "column": 17 }, "end": { "line": 27, "column": 38 } },
          { "start": { "line": 27, "column": 42 }, "end": { "line": 27, "column": 67 } }
        ],
        "line": 27
      },
      "3": {
        "loc": { "start": { "line": 33, "column": 2 }, "end": { "line": 33, "column": 42 } },
        "type": "if",
        "locations": [
          { "start": { "line": 33, "column": 2 }, "end": { "line": 33, "column": 42 } },
          { "start": {}, "end": {} }
        ],
        "line": 33
      },
      "4": {
        "loc": { "start": { "line": 34, "column": 2 }, "end": { "line": 34, "column": 38 } },
        "type": "if",
        "locations": [
          { "start": { "line": 34, "column": 2 }, "end": { "line": 34, "column": 38 } },
          { "start": {}, "end": {} }
        ],
        "line": 34
      },
      "5": {
        "loc": { "start": { "line": 37, "column": 21 }, "end": { "line": 37, "column": 88 } },
        "type": "cond-expr",
        "locations": [
          { "start": { "line": 37, "column": 45 }, "end": { "line": 37, "column": 63 } },
          { "start": { "line": 37, "column": 66 }, "end": { "line": 37, "column": 88 } }
        ],
        "line": 37
      },
      "6": {
        "loc": { "start": { "line": 47, "column": 2 }, "end": { "line": 47, "column": 30 } },
        "type": "if",
        "locations": [
          { "start": { "line": 47, "column": 2 }, "end": { "line": 47, "column": 30 } },
          { "start": {}, "end": {} }
        ],
        "line": 47
      },
      "7": {
        "loc": { "start": { "line": 53, "column": 2 }, "end": { "line": 53, "column": 47 } },
        "type": "if",
        "locations": [
          { "start": { "line": 53, "column": 2 }, "end": { "line": 53, "column": 47 } },
          { "start": {}, "end": {} }
        ],
        "line": 53
      },
      "8": {
        "loc": { "start": { "line": 54, "column": 2 }, "end": { "line": 54, "column": 46 } },
        "type": "if",
        "locations": [
          { "start": { "line": 54, "column": 2 }, "end": { "line": 54, "column": 46 } },
          { "start": {}, "end": {} }
        ],
        "line": 54
      },
      "9": {
        "loc": { "start": { "line": 56, "column": 4 }, "end": { "line": 56, "column": 45 } },
        "type": "if",
        "locations": [
          { "start": { "line": 56, "column": 4 }, "end": { "line": 56, "column": 45 } },
          { "start": {}, "end": {} }
        ],
        "line": 56
      },
      "10": {
        "loc": { "start": { "line": 72, "column": 2 }, "end": { "line": 72, "column": 42 } },
        "type": "if",
        "locations": [
          { "start": { "line": 72, "column": 2 }, "end": { "line": 72, "column": 42 } },
          { "start": {}, "end": {} }
        ],
        "line": 72
      },
      "11": {
        "loc": { "start": { "line": 77, "column": 4 }, "end": { "line": 82, "column": 5 } },
        "type": "if",
        "locations": [
          { "start": { "line": 77, "column": 4 }, "end": { "line": 82, "column": 5 } },
          { "start": {}, "end": {} }
        ],
        "line": 77
      },
      "12": {
        "loc": { "start": { "line": 79, "column": 6 }, "end": { "line": 81, "column": 7 } },
        "type": "if",
        "locations": [
          { "start": { "line": 79, "column": 6 }, "end": { "line": 81, "column": 7 } },
          { "start": {}, "end": {} }
        ],
        "line": 79
      },
      "13": {
        "loc": { "start": { "line": 79, "column": 10 }, "end": { "line": 79, "column": 67 } },
        "type": "binary-expr",
        "locations": [
          { "start": { "line": 79, "column": 10 }, "end": { "line": 79, "column": 22 } },
          { "start": { "line": 79, "column": 26 }, "end": { "line": 79, "column": 67 } }
        ],
        "line": 79
      },
      "14": {
        "loc": { "start": { "line": 85, "column": 4 }, "end": { "line": 87, "column": 5 } },
        "type": "if",
        "locations": [
          { "start": { "line": 85, "column": 4 }, "end": { "line": 87, "column": 5 } },
          { "start": {}, "end": {} }
        ],
        "line": 85
      },
      "15": {
        "loc": { "start": { "line": 85, "column": 8 }, "end": { "line": 85, "column": 75 } },
        "type": "binary-expr",
        "locations": [
          { "start": { "line": 85, "column": 8 }, "end": { "line": 85, "column": 25 } },
          { "start": { "line": 85, "column": 29 }, "end": { "line": 85, "column": 75 } }
        ],
        "line": 85
      },
      "16": {
        "loc": { "start": { "line": 98, "column": 2 }, "end": { "line": 98, "column": 46 } },
        "type": "if",
        "locations": [
          { "start": { "line": 98, "column": 2 }, "end": { "line": 98, "column": 46 } },
          { "start": {}, "end": {} }
        ],
        "line": 98
      },
      "17": {
        "loc": { "start": { "line": 102, "column": 4 }, "end": { "line": 105, "column": 5 } },
        "type": "if",
        "locations": [
          { "start": { "line": 102, "column": 4 }, "end": { "line": 105, "column": 5 } },
          { "start": {}, "end": {} }
        ],
        "line": 102
      },
      "18": {
        "loc": { "start": { "line": 108, "column": 4 }, "end": { "line": 110, "column": 5 } },
        "type": "if",
        "locations": [
          { "start": { "line": 108, "column": 4 }, "end": { "line": 110, "column": 5 } },
          { "start": {}, "end": {} }
        ],
        "line": 108
      },
      "19": {
        "loc": { "start": { "line": 117, "column": 2 }, "end": { "line": 117, "column": 43 } },
        "type": "if",
        "locations": [
          { "start": { "line": 117, "column": 2 }, "end": { "line": 117, "column": 43 } },
          { "start": {}, "end": {} }
        ],
        "line": 117
      },
      "20": {
        "loc": { "start": { "line": 135, "column": 4 }, "end": { "line": 140, "column": 5 } },
        "type": "if",
        "locations": [
          { "start": { "line": 135, "column": 4 }, "end": { "line": 140, "column": 5 } },
          { "start": {}, "end": {} }
        ],
        "line": 135
      },
      "21": {
        "loc": { "start": { "line": 137, "column": 6 }, "end": { "line": 139, "column": 7 } },
        "type": "if",
        "locations": [
          { "start": { "line": 137, "column": 6 }, "end": { "line": 139, "column": 7 } },
          { "start": {}, "end": {} }
        ],
        "line": 137
      },
      "22": {
        "loc": { "start": { "line": 162, "column": 2 }, "end": { "line": 162, "column": 25 } },
        "type": "if",
        "locations": [
          { "start": { "line": 162, "column": 2 }, "end": { "line": 162, "column": 25 } },
          { "start": {}, "end": {} }
        ],
        "line": 162
      },
      "23": {
        "loc": { "start": { "line": 168, "column": 2 }, "end": { "line": 168, "column": 32 } },
        "type": "if",
        "locations": [
          { "start": { "line": 168, "column": 2 }, "end": { "line": 168, "column": 32 } },
          { "start": {}, "end": {} }
        ],
        "line": 168
      }
    },
    "s": {
      "0": 3,
      "1": 3,
      "2": 3,
      "3": 3,
      "4": 3,
      "5": 3,
      "6": 3,
      "7": 3,
      "8": 3,
      "9": 5,
      "10": 4,
      "11": 3,
      "12": 3,
      "13": 3,
      "14": 0,
      "15": 0,
      "16": 0,
      "17": 0,
      "18": 0,
      "19": 0,
      "20": 0,
      "21": 0,
      "22": 0,
      "23": 0,
      "24": 0,
      "25": 0,
      "26": 0,
      "27": 0,
      "28": 0,
      "29": 0,
      "30": 0,
      "31": 0,
      "32": 0,
      "33": 0,
      "34": 0,
      "35": 0,
      "36": 0,
      "37": 0,
      "38": 0,
      "39": 0,
      "40": 0,
      "41": 0,
      "42": 0,
      "43": 0,
      "44": 0,
      "45": 0,
      "46": 0,
      "47": 0,
      "48": 0,
      "49": 0,
      "50": 0,
      "51": 0,
      "52": 0,
      "53": 0,
      "54": 0,
      "55": 0,
      "56": 0,
      "57": 0,
      "58": 0,
      "59": 0,
      "60": 0,
      "61": 0,
      "62": 0,
      "63": 0,
      "64": 0,
      "65": 0,
      "66": 0,
      "67": 0,
      "68": 0,
      "69": 0,
      "70": 0,
      "71": 0,
      "72": 0,
      "73": 0,
      "74": 0,
      "75": 11,
      "76": 9,
      "77": 9,
      "78": 9,
      "79": 8,
      "80": 8,
      "81": 7,
      "82": 2,
      "83": 0,
      "84": 0,
      "85": 1,
      "86": 1,
      "87": 1,
      "88": 1,
      "89": 0,
      "90": 3,
      "91": 1,
      "92": 2,
      "93": 2,
      "94": 4,
      "95": 1,
      "96": 3,
      "97": 3
    },
    "f": {
      "0": 5,
      "1": 4,
      "2": 0,
      "3": 0,
      "4": 0,
      "5": 0,
      "6": 0,
      "7": 0,
      "8": 0,
      "9": 0,
      "10": 11,
      "11": 9,
      "12": 1,
      "13": 3,
      "14": 4
    },
    "b": {
      "0": [1, 4],
      "1": [1, 3],
      "2": [3, 0],
      "3": [0, 0],
      "4": [0, 0],
      "5": [0, 0],
      "6": [0, 0],
      "7": [0, 0],
      "8": [0, 0],
      "9": [0, 0],
      "10": [0, 0],
      "11": [0, 0],
      "12": [0, 0],
      "13": [0, 0],
      "14": [0, 0],
      "15": [0, 0],
      "16": [0, 0],
      "17": [0, 0],
      "18": [0, 0],
      "19": [0, 0],
      "20": [8, 1],
      "21": [7, 1],
      "22": [1, 2],
      "23": [1, 3]
    },
    "_coverageSchema": "1a1c01bbd47fc00a2c39e90264f33305004495a9",
    "hash": "3ab20a822d7ee0925dedb48748039682bc3f1aa0"
  },
  "/Users/macbook/projects/fridge/src/types/index.ts": {
    "path": "/Users/macbook/projects/fridge/src/types/index.ts",
    "statementMap": {},
    "fnMap": {},
    "branchMap": {},
    "s": {},
    "f": {},
    "b": {}
  }
}
