TN:
SF:src/components/ProductList.tsx
FN:11,(anonymous_0)
FN:67,(anonymous_1)
FN:75,ProductList
FN:98,(anonymous_3)
FNF:4
FNH:0
FNDA:0,(anonymous_0)
FNDA:0,(anonymous_1)
FNDA:0,ProductList
FNDA:0,(anonymous_3)
DA:11,0
DA:12,0
DA:15,0
DA:16,0
DA:17,0
DA:18,0
DA:19,0
DA:20,0
DA:23,0
DA:24,0
DA:25,0
DA:26,0
DA:27,0
DA:30,0
DA:31,0
DA:32,0
DA:33,0
DA:34,0
DA:35,0
DA:36,0
DA:37,0
DA:38,0
DA:41,0
DA:42,0
DA:43,0
DA:44,0
DA:45,0
DA:48,0
DA:49,0
DA:50,0
DA:51,0
DA:52,0
DA:53,0
DA:56,0
DA:59,0
DA:60,0
DA:61,0
DA:64,0
DA:67,0
DA:68,0
DA:72,0
DA:76,0
DA:78,0
DA:79,0
DA:87,0
DA:99,0
DA:100,0
DA:102,0
DA:120,0
LF:49
LH:0
BRDA:15,0,0,0
BRDA:15,0,1,0
BRDA:15,1,0,0
BRDA:15,1,1,0
BRDA:16,2,0,0
BRDA:16,2,1,0
BRDA:16,3,0,0
BRDA:16,3,1,0
BRDA:17,4,0,0
BRDA:17,4,1,0
BRDA:17,5,0,0
BRDA:17,5,1,0
BRDA:17,5,2,0
BRDA:18,6,0,0
BRDA:18,6,1,0
BRDA:18,7,0,0
BRDA:18,7,1,0
BRDA:18,7,2,0
BRDA:19,8,0,0
BRDA:19,8,1,0
BRDA:19,9,0,0
BRDA:19,9,1,0
BRDA:20,10,0,0
BRDA:20,10,1,0
BRDA:20,11,0,0
BRDA:20,11,1,0
BRDA:23,12,0,0
BRDA:23,12,1,0
BRDA:23,13,0,0
BRDA:23,13,1,0
BRDA:23,13,2,0
BRDA:23,13,3,0
BRDA:23,13,4,0
BRDA:24,14,0,0
BRDA:24,14,1,0
BRDA:24,15,0,0
BRDA:24,15,1,0
BRDA:24,15,2,0
BRDA:24,15,3,0
BRDA:25,16,0,0
BRDA:25,16,1,0
BRDA:25,17,0,0
BRDA:25,17,1,0
BRDA:26,18,0,0
BRDA:26,18,1,0
BRDA:26,19,0,0
BRDA:26,19,1,0
BRDA:27,20,0,0
BRDA:27,20,1,0
BRDA:27,21,0,0
BRDA:27,21,1,0
BRDA:27,21,2,0
BRDA:30,22,0,0
BRDA:30,22,1,0
BRDA:30,23,0,0
BRDA:30,23,1,0
BRDA:31,24,0,0
BRDA:31,24,1,0
BRDA:31,25,0,0
BRDA:31,25,1,0
BRDA:32,26,0,0
BRDA:32,26,1,0
BRDA:32,27,0,0
BRDA:32,27,1,0
BRDA:32,27,2,0
BRDA:33,28,0,0
BRDA:33,28,1,0
BRDA:33,29,0,0
BRDA:33,29,1,0
BRDA:34,30,0,0
BRDA:34,30,1,0
BRDA:34,31,0,0
BRDA:34,31,1,0
BRDA:35,32,0,0
BRDA:35,32,1,0
BRDA:35,33,0,0
BRDA:35,33,1,0
BRDA:35,33,2,0
BRDA:36,34,0,0
BRDA:36,34,1,0
BRDA:36,35,0,0
BRDA:36,35,1,0
BRDA:36,35,2,0
BRDA:37,36,0,0
BRDA:37,36,1,0
BRDA:37,37,0,0
BRDA:37,37,1,0
BRDA:38,38,0,0
BRDA:38,38,1,0
BRDA:38,39,0,0
BRDA:38,39,1,0
BRDA:41,40,0,0
BRDA:41,40,1,0
BRDA:41,41,0,0
BRDA:41,41,1,0
BRDA:41,41,2,0
BRDA:42,42,0,0
BRDA:42,42,1,0
BRDA:42,43,0,0
BRDA:42,43,1,0
BRDA:42,43,2,0
BRDA:43,44,0,0
BRDA:43,44,1,0
BRDA:43,45,0,0
BRDA:43,45,1,0
BRDA:44,46,0,0
BRDA:44,46,1,0
BRDA:44,47,0,0
BRDA:44,47,1,0
BRDA:44,47,2,0
BRDA:45,48,0,0
BRDA:45,48,1,0
BRDA:45,49,0,0
BRDA:45,49,1,0
BRDA:48,50,0,0
BRDA:48,50,1,0
BRDA:48,51,0,0
BRDA:48,51,1,0
BRDA:49,52,0,0
BRDA:49,52,1,0
BRDA:50,53,0,0
BRDA:50,53,1,0
BRDA:50,54,0,0
BRDA:50,54,1,0
BRDA:51,55,0,0
BRDA:51,55,1,0
BRDA:51,56,0,0
BRDA:51,56,1,0
BRDA:51,56,2,0
BRDA:52,57,0,0
BRDA:52,57,1,0
BRDA:52,58,0,0
BRDA:52,58,1,0
BRDA:53,59,0,0
BRDA:53,59,1,0
BRDA:53,60,0,0
BRDA:53,60,1,0
BRDA:56,61,0,0
BRDA:56,61,1,0
BRDA:56,62,0,0
BRDA:56,62,1,0
BRDA:56,62,2,0
BRDA:56,62,3,0
BRDA:59,63,0,0
BRDA:59,63,1,0
BRDA:59,64,0,0
BRDA:59,64,1,0
BRDA:60,65,0,0
BRDA:60,65,1,0
BRDA:60,66,0,0
BRDA:60,66,1,0
BRDA:61,67,0,0
BRDA:61,67,1,0
BRDA:61,68,0,0
BRDA:61,68,1,0
BRDA:78,69,0,0
BRDA:78,69,1,0
BRDA:105,70,0,0
BRDA:105,70,1,0
BRF:159
BRH:0
end_of_record
TN:
SF:src/components/RecipeCard.tsx
FN:15,(anonymous_0)
FN:115,(anonymous_1)
FN:168,RecipeCard
FN:174,(anonymous_3)
FN:192,(anonymous_4)
FN:212,(anonymous_5)
FN:230,(anonymous_6)
FN:240,(anonymous_7)
FN:299,(anonymous_8)
FN:350,(anonymous_9)
FN:384,(anonymous_10)
FN:410,(anonymous_11)
FNF:12
FNH:0
FNDA:0,(anonymous_0)
FNDA:0,(anonymous_1)
FNDA:0,RecipeCard
FNDA:0,(anonymous_3)
FNDA:0,(anonymous_4)
FNDA:0,(anonymous_5)
FNDA:0,(anonymous_6)
FNDA:0,(anonymous_7)
FNDA:0,(anonymous_8)
FNDA:0,(anonymous_9)
FNDA:0,(anonymous_10)
FNDA:0,(anonymous_11)
DA:15,0
DA:16,0
DA:19,0
DA:20,0
DA:23,0
DA:24,0
DA:27,0
DA:28,0
DA:31,0
DA:32,0
DA:35,0
DA:36,0
DA:39,0
DA:40,0
DA:43,0
DA:44,0
DA:47,0
DA:48,0
DA:51,0
DA:52,0
DA:55,0
DA:56,0
DA:59,0
DA:60,0
DA:63,0
DA:64,0
DA:67,0
DA:68,0
DA:71,0
DA:72,0
DA:75,0
DA:76,0
DA:79,0
DA:80,0
DA:83,0
DA:84,0
DA:87,0
DA:88,0
DA:91,0
DA:92,0
DA:95,0
DA:96,0
DA:99,0
DA:100,0
DA:103,0
DA:104,0
DA:107,0
DA:108,0
DA:112,0
DA:115,0
DA:116,0
DA:119,0
DA:121,0
DA:123,0
DA:125,0
DA:127,0
DA:129,0
DA:131,0
DA:133,0
DA:135,0
DA:137,0
DA:139,0
DA:141,0
DA:143,0
DA:145,0
DA:147,0
DA:149,0
DA:151,0
DA:153,0
DA:155,0
DA:157,0
DA:159,0
DA:161,0
DA:163,0
DA:165,0
DA:169,0
DA:170,0
DA:171,0
DA:172,0
DA:174,0
DA:176,0
DA:189,0
DA:192,0
DA:193,0
DA:194,0
DA:196,0
DA:197,0
DA:198,0
DA:205,0
DA:206,0
DA:209,0
DA:212,0
DA:213,0
DA:215,0
DA:217,0
DA:219,0
DA:221,0
DA:225,0
DA:227,0
DA:230,0
DA:240,0
DA:300,0
DA:301,0
DA:351,0
DA:385,0
DA:410,0
DA:437,0
LF:107
LH:0
BRDA:19,0,0,0
BRDA:19,0,1,0
BRDA:19,1,0,0
BRDA:19,1,1,0
BRDA:19,1,2,0
BRDA:19,1,3,0
BRDA:19,1,4,0
BRDA:19,1,5,0
BRDA:19,1,6,0
BRDA:19,1,7,0
BRDA:23,2,0,0
BRDA:23,2,1,0
BRDA:23,3,0,0
BRDA:23,3,1,0
BRDA:23,3,2,0
BRDA:23,3,3,0
BRDA:23,3,4,0
BRDA:23,3,5,0
BRDA:23,3,6,0
BRDA:23,3,7,0
BRDA:23,3,8,0
BRDA:23,3,9,0
BRDA:23,3,10,0
BRDA:23,3,11,0
BRDA:27,4,0,0
BRDA:27,4,1,0
BRDA:27,5,0,0
BRDA:27,5,1,0
BRDA:27,5,2,0
BRDA:27,5,3,0
BRDA:31,6,0,0
BRDA:31,6,1,0
BRDA:31,7,0,0
BRDA:31,7,1,0
BRDA:31,7,2,0
BRDA:31,7,3,0
BRDA:31,7,4,0
BRDA:31,7,5,0
BRDA:31,7,6,0
BRDA:31,7,7,0
BRDA:31,7,8,0
BRDA:35,8,0,0
BRDA:35,8,1,0
BRDA:35,9,0,0
BRDA:35,9,1,0
BRDA:35,9,2,0
BRDA:35,9,3,0
BRDA:35,9,4,0
BRDA:35,9,5,0
BRDA:35,9,6,0
BRDA:35,9,7,0
BRDA:39,10,0,0
BRDA:39,10,1,0
BRDA:39,11,0,0
BRDA:39,11,1,0
BRDA:39,11,2,0
BRDA:43,12,0,0
BRDA:43,12,1,0
BRDA:43,13,0,0
BRDA:43,13,1,0
BRDA:43,13,2,0
BRDA:43,13,3,0
BRDA:43,13,4,0
BRDA:43,13,5,0
BRDA:43,13,6,0
BRDA:43,13,7,0
BRDA:43,13,8,0
BRDA:43,13,9,0
BRDA:43,13,10,0
BRDA:47,14,0,0
BRDA:47,14,1,0
BRDA:47,15,0,0
BRDA:47,15,1,0
BRDA:47,15,2,0
BRDA:47,15,3,0
BRDA:47,15,4,0
BRDA:47,15,5,0
BRDA:47,15,6,0
BRDA:47,15,7,0
BRDA:51,16,0,0
BRDA:51,16,1,0
BRDA:51,17,0,0
BRDA:51,17,1,0
BRDA:51,17,2,0
BRDA:51,17,3,0
BRDA:51,17,4,0
BRDA:51,17,5,0
BRDA:51,17,6,0
BRDA:51,17,7,0
BRDA:55,18,0,0
BRDA:55,18,1,0
BRDA:55,19,0,0
BRDA:55,19,1,0
BRDA:55,19,2,0
BRDA:55,19,3,0
BRDA:55,19,4,0
BRDA:55,19,5,0
BRDA:55,19,6,0
BRDA:55,19,7,0
BRDA:55,19,8,0
BRDA:55,19,9,0
BRDA:55,19,10,0
BRDA:59,20,0,0
BRDA:59,20,1,0
BRDA:59,21,0,0
BRDA:59,21,1,0
BRDA:59,21,2,0
BRDA:59,21,3,0
BRDA:59,21,4,0
BRDA:59,21,5,0
BRDA:59,21,6,0
BRDA:59,21,7,0
BRDA:59,21,8,0
BRDA:59,21,9,0
BRDA:59,21,10,0
BRDA:59,21,11,0
BRDA:63,22,0,0
BRDA:63,22,1,0
BRDA:63,23,0,0
BRDA:63,23,1,0
BRDA:63,23,2,0
BRDA:63,23,3,0
BRDA:63,23,4,0
BRDA:63,23,5,0
BRDA:63,23,6,0
BRDA:63,23,7,0
BRDA:63,23,8,0
BRDA:67,24,0,0
BRDA:67,24,1,0
BRDA:67,25,0,0
BRDA:67,25,1,0
BRDA:67,25,2,0
BRDA:67,25,3,0
BRDA:67,25,4,0
BRDA:67,25,5,0
BRDA:67,25,6,0
BRDA:67,25,7,0
BRDA:67,25,8,0
BRDA:67,25,9,0
BRDA:67,25,10,0
BRDA:67,25,11,0
BRDA:67,25,12,0
BRDA:71,26,0,0
BRDA:71,26,1,0
BRDA:71,27,0,0
BRDA:71,27,1,0
BRDA:71,27,2,0
BRDA:71,27,3,0
BRDA:71,27,4,0
BRDA:71,27,5,0
BRDA:71,27,6,0
BRDA:71,27,7,0
BRDA:71,27,8,0
BRDA:75,28,0,0
BRDA:75,28,1,0
BRDA:75,29,0,0
BRDA:75,29,1,0
BRDA:75,29,2,0
BRDA:75,29,3,0
BRDA:75,29,4,0
BRDA:75,29,5,0
BRDA:79,30,0,0
BRDA:79,30,1,0
BRDA:79,31,0,0
BRDA:79,31,1,0
BRDA:79,31,2,0
BRDA:79,31,3,0
BRDA:79,31,4,0
BRDA:79,31,5,0
BRDA:79,31,6,0
BRDA:79,31,7,0
BRDA:83,32,0,0
BRDA:83,32,1,0
BRDA:83,33,0,0
BRDA:83,33,1,0
BRDA:83,33,2,0
BRDA:83,33,3,0
BRDA:83,33,4,0
BRDA:83,33,5,0
BRDA:83,33,6,0
BRDA:87,34,0,0
BRDA:87,34,1,0
BRDA:87,35,0,0
BRDA:87,35,1,0
BRDA:87,35,2,0
BRDA:87,35,3,0
BRDA:87,35,4,0
BRDA:87,35,5,0
BRDA:87,35,6,0
BRDA:87,35,7,0
BRDA:87,35,8,0
BRDA:87,35,9,0
BRDA:87,35,10,0
BRDA:87,35,11,0
BRDA:91,36,0,0
BRDA:91,36,1,0
BRDA:91,37,0,0
BRDA:91,37,1,0
BRDA:91,37,2,0
BRDA:91,37,3,0
BRDA:91,37,4,0
BRDA:91,37,5,0
BRDA:91,37,6,0
BRDA:91,37,7,0
BRDA:91,37,8,0
BRDA:95,38,0,0
BRDA:95,38,1,0
BRDA:95,39,0,0
BRDA:95,39,1,0
BRDA:95,39,2,0
BRDA:99,40,0,0
BRDA:99,40,1,0
BRDA:99,41,0,0
BRDA:99,41,1,0
BRDA:99,41,2,0
BRDA:99,41,3,0
BRDA:99,41,4,0
BRDA:99,41,5,0
BRDA:103,42,0,0
BRDA:103,42,1,0
BRDA:103,43,0,0
BRDA:103,43,1,0
BRDA:103,43,2,0
BRDA:103,43,3,0
BRDA:107,44,0,0
BRDA:107,44,1,0
BRDA:107,45,0,0
BRDA:107,45,1,0
BRDA:107,45,2,0
BRDA:107,45,3,0
BRDA:107,45,4,0
BRDA:107,45,5,0
BRDA:119,46,0,0
BRDA:119,46,1,0
BRDA:119,47,0,0
BRDA:119,47,1,0
BRDA:119,47,2,0
BRDA:119,47,3,0
BRDA:119,47,4,0
BRDA:119,47,5,0
BRDA:119,47,6,0
BRDA:121,48,0,0
BRDA:121,48,1,0
BRDA:121,49,0,0
BRDA:121,49,1,0
BRDA:121,49,2,0
BRDA:121,49,3,0
BRDA:121,49,4,0
BRDA:121,49,5,0
BRDA:121,49,6,0
BRDA:123,50,0,0
BRDA:123,50,1,0
BRDA:123,51,0,0
BRDA:123,51,1,0
BRDA:123,51,2,0
BRDA:123,51,3,0
BRDA:125,52,0,0
BRDA:125,52,1,0
BRDA:125,53,0,0
BRDA:125,53,1,0
BRDA:125,53,2,0
BRDA:125,53,3,0
BRDA:125,53,4,0
BRDA:125,53,5,0
BRDA:125,53,6,0
BRDA:127,54,0,0
BRDA:127,54,1,0
BRDA:127,55,0,0
BRDA:127,55,1,0
BRDA:127,55,2,0
BRDA:127,55,3,0
BRDA:127,55,4,0
BRDA:127,55,5,0
BRDA:129,56,0,0
BRDA:129,56,1,0
BRDA:129,57,0,0
BRDA:129,57,1,0
BRDA:129,57,2,0
BRDA:131,58,0,0
BRDA:131,58,1,0
BRDA:131,59,0,0
BRDA:131,59,1,0
BRDA:131,59,2,0
BRDA:131,59,3,0
BRDA:131,59,4,0
BRDA:131,59,5,0
BRDA:131,59,6,0
BRDA:133,60,0,0
BRDA:133,60,1,0
BRDA:133,61,0,0
BRDA:133,61,1,0
BRDA:133,61,2,0
BRDA:133,61,3,0
BRDA:133,61,4,0
BRDA:133,61,5,0
BRDA:135,62,0,0
BRDA:135,62,1,0
BRDA:135,63,0,0
BRDA:135,63,1,0
BRDA:135,63,2,0
BRDA:135,63,3,0
BRDA:135,63,4,0
BRDA:135,63,5,0
BRDA:137,64,0,0
BRDA:137,64,1,0
BRDA:137,65,0,0
BRDA:137,65,1,0
BRDA:137,65,2,0
BRDA:137,65,3,0
BRDA:137,65,4,0
BRDA:137,65,5,0
BRDA:137,65,6,0
BRDA:139,66,0,0
BRDA:139,66,1,0
BRDA:139,67,0,0
BRDA:139,67,1,0
BRDA:139,67,2,0
BRDA:139,67,3,0
BRDA:139,67,4,0
BRDA:139,67,5,0
BRDA:139,67,6,0
BRDA:139,67,7,0
BRDA:139,67,8,0
BRDA:141,68,0,0
BRDA:141,68,1,0
BRDA:141,69,0,0
BRDA:141,69,1,0
BRDA:141,69,2,0
BRDA:141,69,3,0
BRDA:141,69,4,0
BRDA:141,69,5,0
BRDA:141,69,6,0
BRDA:143,70,0,0
BRDA:143,70,1,0
BRDA:143,71,0,0
BRDA:143,71,1,0
BRDA:143,71,2,0
BRDA:143,71,3,0
BRDA:143,71,4,0
BRDA:143,71,5,0
BRDA:143,71,6,0
BRDA:145,72,0,0
BRDA:145,72,1,0
BRDA:145,73,0,0
BRDA:145,73,1,0
BRDA:145,73,2,0
BRDA:145,73,3,0
BRDA:145,73,4,0
BRDA:147,74,0,0
BRDA:147,74,1,0
BRDA:147,75,0,0
BRDA:147,75,1,0
BRDA:147,75,2,0
BRDA:147,75,3,0
BRDA:147,75,4,0
BRDA:149,76,0,0
BRDA:149,76,1,0
BRDA:149,77,0,0
BRDA:149,77,1,0
BRDA:149,77,2,0
BRDA:149,77,3,0
BRDA:149,77,4,0
BRDA:151,78,0,0
BRDA:151,78,1,0
BRDA:151,79,0,0
BRDA:151,79,1,0
BRDA:151,79,2,0
BRDA:151,79,3,0
BRDA:151,79,4,0
BRDA:153,80,0,0
BRDA:153,80,1,0
BRDA:153,81,0,0
BRDA:153,81,1,0
BRDA:153,81,2,0
BRDA:153,81,3,0
BRDA:153,81,4,0
BRDA:153,81,5,0
BRDA:153,81,6,0
BRDA:153,81,7,0
BRDA:155,82,0,0
BRDA:155,82,1,0
BRDA:155,83,0,0
BRDA:155,83,1,0
BRDA:155,83,2,0
BRDA:155,83,3,0
BRDA:155,83,4,0
BRDA:157,84,0,0
BRDA:157,84,1,0
BRDA:157,85,0,0
BRDA:157,85,1,0
BRDA:157,85,2,0
BRDA:159,86,0,0
BRDA:159,86,1,0
BRDA:159,87,0,0
BRDA:159,87,1,0
BRDA:159,87,2,0
BRDA:159,87,3,0
BRDA:159,87,4,0
BRDA:161,88,0,0
BRDA:161,88,1,0
BRDA:161,89,0,0
BRDA:161,89,1,0
BRDA:161,89,2,0
BRDA:161,89,3,0
BRDA:163,90,0,0
BRDA:163,90,1,0
BRDA:163,91,0,0
BRDA:163,91,1,0
BRDA:163,91,2,0
BRDA:163,91,3,0
BRDA:163,91,4,0
BRDA:168,92,0,0
BRDA:197,93,0,0
BRDA:197,93,1,0
BRDA:200,94,0,0
BRDA:200,94,1,0
BRDA:205,95,0,0
BRDA:205,95,1,0
BRDA:213,96,0,0
BRDA:213,96,1,0
BRDA:213,96,2,0
BRDA:213,96,3,0
BRDA:235,97,0,0
BRDA:235,97,1,0
BRDA:254,98,0,0
BRDA:254,98,1,0
BRDA:262,99,0,0
BRDA:262,99,1,0
BRDA:264,100,0,0
BRDA:264,100,1,0
BRDA:276,101,0,0
BRDA:276,101,1,0
BRDA:282,102,0,0
BRDA:282,102,1,0
BRDA:299,103,0,0
BRDA:299,103,1,0
BRDA:306,104,0,0
BRDA:306,104,1,0
BRDA:310,105,0,0
BRDA:310,105,1,0
BRDA:312,106,0,0
BRDA:312,106,1,0
BRDA:318,107,0,0
BRDA:318,107,1,0
BRDA:326,108,0,0
BRDA:326,108,1,0
BRDA:326,108,2,0
BRDA:335,109,0,0
BRDA:335,109,1,0
BRDA:335,109,2,0
BRDA:375,110,0,0
BRDA:375,110,1,0
BRDA:382,111,0,0
BRDA:382,111,1,0
BRDA:401,112,0,0
BRDA:401,112,1,0
BRDA:409,113,0,0
BRDA:409,113,1,0
BRDA:414,114,0,0
BRDA:414,114,1,0
BRDA:420,115,0,0
BRDA:420,115,1,0
BRDA:422,116,0,0
BRDA:422,116,1,0
BRDA:424,117,0,0
BRDA:424,117,1,0
BRDA:425,118,0,0
BRDA:425,118,1,0
BRDA:427,119,0,0
BRDA:427,119,1,0
BRF:470
BRH:0
end_of_record
TN:
SF:src/components/SubstitutionBadge.tsx
FN:10,SubstitutionBadge
FNF:1
FNH:0
FNDA:0,SubstitutionBadge
DA:11,0
DA:13,0
DA:32,0
LF:3
LH:0
BRDA:25,0,0,0
BRDA:25,0,1,0
BRF:2
BRH:0
end_of_record
TN:
SF:src/components/index.ts
FNF:0
FNH:0
LF:0
LH:0
BRF:0
BRH:0
end_of_record
TN:
SF:src/hooks/useSubscription.ts
FN:23,useSubscription
FN:28,(anonymous_1)
FN:41,(anonymous_2)
FN:47,(anonymous_3)
FN:53,(anonymous_4)
FN:54,(anonymous_5)
FN:61,(anonymous_6)
FN:64,(anonymous_7)
FN:68,(anonymous_8)
FN:74,(anonymous_9)
FNF:10
FNH:0
FNDA:0,useSubscription
FNDA:0,(anonymous_1)
FNDA:0,(anonymous_2)
FNDA:0,(anonymous_3)
FNDA:0,(anonymous_4)
FNDA:0,(anonymous_5)
FNDA:0,(anonymous_6)
FNDA:0,(anonymous_7)
FNDA:0,(anonymous_8)
FNDA:0,(anonymous_9)
DA:24,0
DA:25,0
DA:26,0
DA:28,0
DA:29,0
DA:30,0
DA:31,0
DA:32,0
DA:33,0
DA:35,0
DA:37,0
DA:41,0
DA:42,0
DA:46,0
DA:48,0
DA:53,0
DA:54,0
DA:55,0
DA:56,0
DA:60,0
DA:61,0
DA:64,0
DA:65,0
DA:68,0
DA:69,0
DA:70,0
DA:71,0
DA:74,0
DA:75,0
DA:76,0
DA:77,0
DA:78,0
DA:80,0
DA:83,0
LF:34
LH:0
BRDA:55,0,0,0
BRDA:55,0,1,0
BRDA:76,1,0,0
BRDA:76,1,1,0
BRF:4
BRH:0
end_of_record
TN:
SF:src/locales/de.ts
FNF:0
FNH:0
LF:0
LH:0
BRF:0
BRH:0
end_of_record
TN:
SF:src/locales/en.ts
FNF:0
FNH:0
LF:0
LH:0
BRF:0
BRH:0
end_of_record
TN:
SF:src/locales/i18n.ts
FN:27,(anonymous_0)
FN:29,(anonymous_1)
FN:46,(anonymous_2)
FN:49,(anonymous_3)
FN:58,(anonymous_4)
FNF:5
FNH:2
FNDA:1,(anonymous_0)
FNDA:4,(anonymous_1)
FNDA:0,(anonymous_2)
FNDA:0,(anonymous_3)
FNDA:0,(anonymous_4)
DA:11,1
DA:13,1
DA:20,1
DA:27,1
DA:28,1
DA:29,4
DA:30,1
DA:33,1
DA:46,1
DA:47,0
DA:48,0
DA:49,0
DA:50,0
DA:53,0
DA:58,1
DA:59,0
DA:60,0
DA:61,0
DA:63,0
LF:19
LH:10
BRDA:28,0,0,1
BRDA:28,0,1,0
BRDA:30,1,0,1
BRDA:30,1,1,0
BRDA:49,2,0,0
BRDA:49,2,1,0
BRDA:49,3,0,0
BRDA:49,3,1,0
BRF:8
BRH:2
end_of_record
TN:
SF:src/locales/pl.ts
FNF:0
FNH:0
LF:0
LH:0
BRF:0
BRH:0
end_of_record
TN:
SF:src/locales/uk.ts
FNF:0
FNH:0
LF:0
LH:0
BRF:0
BRH:0
end_of_record
TN:
SF:src/services/gemini.ts
FN:9,(anonymous_0)
FN:19,(anonymous_1)
FN:107,analyzeImage
FN:136,(anonymous_3)
FN:140,(anonymous_4)
FN:167,getRecipeSuggestions
FN:173,(anonymous_6)
FNF:7
FNH:0
FNDA:0,(anonymous_0)
FNDA:0,(anonymous_1)
FNDA:0,analyzeImage
FNDA:0,(anonymous_3)
FNDA:0,(anonymous_4)
FNDA:0,getRecipeSuggestions
FNDA:0,(anonymous_6)
DA:5,0
DA:7,0
DA:9,0
DA:10,0
DA:16,0
DA:19,0
DA:108,0
DA:109,0
DA:110,0
DA:111,0
DA:114,0
DA:115,0
DA:117,0
DA:124,0
DA:125,0
DA:126,0
DA:128,0
DA:129,0
DA:130,0
DA:133,0
DA:136,0
DA:140,0
DA:145,0
DA:153,0
DA:154,0
DA:155,0
DA:156,0
DA:157,0
DA:158,0
DA:160,0
DA:163,0
DA:168,0
DA:169,0
DA:172,0
DA:173,0
DA:175,0
DA:187,0
DA:188,0
DA:189,0
DA:190,0
DA:191,0
DA:193,0
DA:194,0
DA:195,0
DA:198,0
DA:201,0
DA:202,0
DA:203,0
DA:204,0
DA:205,0
DA:206,0
DA:208,0
DA:211,0
LF:53
LH:0
BRDA:5,0,0,0
BRDA:5,0,1,0
BRDA:16,1,0,0
BRDA:16,1,1,0
BRDA:110,2,0,0
BRDA:110,2,1,0
BRDA:129,3,0,0
BRDA:129,3,1,0
BRDA:136,4,0,0
BRDA:136,4,1,0
BRDA:140,5,0,0
BRDA:140,5,1,0
BRDA:146,6,0,0
BRDA:146,6,1,0
BRDA:155,7,0,0
BRDA:155,7,1,0
BRDA:156,8,0,0
BRDA:156,8,1,0
BRDA:157,9,0,0
BRDA:157,9,1,0
BRDA:157,10,0,0
BRDA:157,10,1,0
BRDA:168,11,0,0
BRDA:168,11,1,0
BRDA:194,12,0,0
BRDA:194,12,1,0
BRDA:203,13,0,0
BRDA:203,13,1,0
BRDA:204,14,0,0
BRDA:204,14,1,0
BRDA:205,15,0,0
BRDA:205,15,1,0
BRDA:205,16,0,0
BRDA:205,16,1,0
BRF:34
BRH:0
end_of_record
TN:
SF:src/services/storage.ts
FN:22,saveRecentScan
FN:50,getRecentScans
FN:60,deleteRecentScan
FN:63,(anonymous_3)
FN:70,getRecentScanById
FN:73,(anonymous_5)
FN:81,saveFavoriteRecipe
FN:87,(anonymous_7)
FN:110,removeFavoriteRecipe
FN:113,(anonymous_9)
FN:120,getFavoriteRecipes
FN:130,isRecipeFavorite
FN:133,(anonymous_12)
FN:140,getFavoritesCount
FNF:14
FNH:14
FNDA:2,saveRecentScan
FNDA:5,getRecentScans
FNDA:1,deleteRecentScan
FNDA:2,(anonymous_3)
FNDA:1,getRecentScanById
FNDA:1,(anonymous_5)
FNDA:3,saveFavoriteRecipe
FNDA:6,(anonymous_7)
FNDA:1,removeFavoriteRecipe
FNDA:2,(anonymous_9)
FNDA:6,getFavoriteRecipes
FNDA:1,isRecipeFavorite
FNDA:1,(anonymous_12)
FNDA:1,getFavoritesCount
DA:5,1
DA:6,1
DA:29,2
DA:30,2
DA:31,2
DA:33,2
DA:42,2
DA:44,2
DA:46,0
DA:51,5
DA:52,5
DA:53,5
DA:55,0
DA:56,0
DA:61,1
DA:62,1
DA:63,2
DA:64,1
DA:66,0
DA:71,1
DA:72,1
DA:73,1
DA:75,0
DA:76,0
DA:82,3
DA:83,3
DA:84,3
DA:87,6
DA:88,1
DA:92,2
DA:93,1
DA:96,1
DA:101,1
DA:102,1
DA:103,1
DA:105,0
DA:106,0
DA:111,1
DA:112,1
DA:113,2
DA:114,1
DA:116,0
DA:121,6
DA:122,6
DA:123,6
DA:125,0
DA:126,0
DA:131,1
DA:132,1
DA:133,1
DA:135,0
DA:136,0
DA:141,1
DA:142,1
LF:54
LH:41
BRDA:27,0,0,0
BRDA:53,1,0,4
BRDA:53,1,1,1
BRDA:73,2,0,1
BRDA:73,2,1,0
BRDA:81,3,0,0
BRDA:87,4,0,1
BRDA:87,4,1,2
BRDA:92,5,0,1
BRDA:92,5,1,1
BRDA:123,6,0,5
BRDA:123,6,1,1
BRF:12
BRH:9
end_of_record
TN:
SF:src/services/subscription.ts
FN:18,getMaxFavorites
FN:22,getMaxRecentScans
FN:32,initRevenueCat
FN:35,(anonymous_3)
FN:46,waitForInit
FN:52,checkProStatus
FN:55,(anonymous_6)
FN:71,getOfferings
FN:97,purchasePackage
FN:116,restorePurchases
FN:128,getTodayKey
FN:132,getDailyScanUsage
FN:148,incrementScanCount
FN:161,canScan
FN:167,getRemainingScans
FNF:15
FNH:7
FNDA:5,getMaxFavorites
FNDA:4,getMaxRecentScans
FNDA:0,initRevenueCat
FNDA:0,(anonymous_3)
FNDA:0,waitForInit
FNDA:0,checkProStatus
FNDA:0,(anonymous_6)
FNDA:0,getOfferings
FNDA:0,purchasePackage
FNDA:0,restorePurchases
FNDA:11,getTodayKey
FNDA:9,getDailyScanUsage
FNDA:1,incrementScanCount
FNDA:3,canScan
FNDA:4,getRemainingScans
DA:6,2
DA:7,2
DA:8,2
DA:9,2
DA:12,2
DA:13,2
DA:14,2
DA:15,2
DA:16,2
DA:19,5
DA:23,4
DA:27,2
DA:29,2
DA:30,2
DA:33,0
DA:34,0
DA:35,0
DA:36,0
DA:37,0
DA:38,0
DA:40,0
DA:43,0
DA:47,0
DA:48,0
DA:49,0
DA:53,0
DA:54,0
DA:55,0
DA:56,0
DA:57,0
DA:58,0
DA:59,0
DA:61,0
DA:62,0
DA:65,0
DA:68,0
DA:72,0
DA:73,0
DA:74,0
DA:77,0
DA:78,0
DA:79,0
DA:80,0
DA:85,0
DA:86,0
DA:88,0
DA:90,0
DA:91,0
DA:98,0
DA:99,0
DA:100,0
DA:101,0
DA:102,0
DA:103,0
DA:104,0
DA:106,0
DA:108,0
DA:109,0
DA:111,0
DA:112,0
DA:117,0
DA:118,0
DA:119,0
DA:120,0
DA:122,0
DA:123,0
DA:129,11
DA:133,9
DA:134,9
DA:135,9
DA:136,8
DA:137,8
DA:138,7
DA:141,2
DA:143,0
DA:144,0
DA:149,1
DA:150,1
DA:151,1
DA:155,1
DA:157,0
DA:162,3
DA:163,2
DA:164,2
DA:168,4
DA:169,3
DA:170,3
LF:87
LH:32
BRDA:19,0,0,1
BRDA:19,0,1,4
BRDA:23,1,0,1
BRDA:23,1,1,3
BRDA:27,2,0,2
BRDA:27,2,1,0
BRDA:33,3,0,0
BRDA:33,3,1,0
BRDA:34,4,0,0
BRDA:34,4,1,0
BRDA:37,5,0,0
BRDA:37,5,1,0
BRDA:47,6,0,0
BRDA:47,6,1,0
BRDA:53,7,0,0
BRDA:53,7,1,0
BRDA:54,8,0,0
BRDA:54,8,1,0
BRDA:56,9,0,0
BRDA:56,9,1,0
BRDA:72,10,0,0
BRDA:72,10,1,0
BRDA:77,11,0,0
BRDA:77,11,1,0
BRDA:79,12,0,0
BRDA:79,12,1,0
BRDA:79,13,0,0
BRDA:79,13,1,0
BRDA:85,14,0,0
BRDA:85,14,1,0
BRDA:85,15,0,0
BRDA:85,15,1,0
BRDA:98,16,0,0
BRDA:98,16,1,0
BRDA:102,17,0,0
BRDA:102,17,1,0
BRDA:108,18,0,0
BRDA:108,18,1,0
BRDA:117,19,0,0
BRDA:117,19,1,0
BRDA:135,20,0,8
BRDA:135,20,1,1
BRDA:137,21,0,7
BRDA:137,21,1,1
BRDA:162,22,0,1
BRDA:162,22,1,2
BRDA:168,23,0,1
BRDA:168,23,1,3
BRF:48
BRH:13
end_of_record
TN:
SF:src/types/index.ts
FNF:0
FNH:0
LF:0
LH:0
BRF:0
BRH:0
end_of_record
